Teste Cromossomo (x: 4, y: 10, w: 19, z: 5) -> Equação: 5*4 + 10^2 + 19 + 5^3 = 264
Teste Cromossomo (x: 20, y: 16, w: 4, z: 0) -> Equação: 5*20 + 16^2 + 4 + 0^3 = 360
Teste Cromossomo (x: 0, y: 1, w: 4, z: 14) -> Equação: 5*0 + 1^2 + 4 + 14^3 = 2749
Teste Cromossomo (x: 14, y: 4, w: 0, z: 12) -> Equação: 5*14 + 4^2 + 0 + 12^3 = 1814
Teste Cromossomo (x: 8, y: 14, w: 20, z: 16) -> Equação: 5*8 + 14^2 + 20 + 16^3 = 4352
Teste Cromossomo (x: 14, y: 8, w: 9, z: 14) -> Equação: 5*14 + 8^2 + 9 + 14^3 = 2887
Teste Cromossomo (x: 11, y: 18, w: 14, z: 0) -> Equação: 5*11 + 18^2 + 14 + 0^3 = 393
Teste Cromossomo (x: 18, y: 4, w: 16, z: 15) -> Equação: 5*18 + 4^2 + 16 + 15^3 = 3497
Teste Cromossomo (x: 8, y: 7, w: 18, z: 19) -> Equação: 5*8 + 7^2 + 18 + 19^3 = 6966
Teste Cromossomo (x: 11, y: 11, w: 7, z: 14) -> Equação: 5*11 + 11^2 + 7 + 14^3 = 2927
Geração 1 - Melhor Cromossomo: (x: 4, y: 10, w: 19, z: 5) com Aptidão: 0.0125
Teste Cromossomo (x: 4, y: 10, w: 9, z: 21) -> Equação: 5*4 + 10^2 + 9 + 21^3 = 9390
Teste Cromossomo (x: 0, y: 10, w: 8, z: 21) -> Equação: 5*0 + 10^2 + 8 + 21^3 = 9369
Teste Cromossomo (x: 4, y: 10, w: 9, z: 21) -> Equação: 5*4 + 10^2 + 9 + 21^3 = 9390
Teste Cromossomo (x: 4, y: 11, w: 9, z: 21) -> Equação: 5*4 + 11^2 + 9 + 21^3 = 9411
Teste Cromossomo (x: 10, y: 4, w: 1, z: 0) -> Equação: 5*10 + 4^2 + 1 + 0^3 = 67
Teste Cromossomo (x: 10, y: 4, w: 9, z: 0) -> Equação: 5*10 + 4^2 + 9 + 0^3 = 75
Teste Cromossomo (x: 10, y: 4, w: 7, z: 2) -> Equação: 5*10 + 4^2 + 7 + 2^3 = 81
Teste Cromossomo (x: 11, y: 9, w: 9, z: 8) -> Equação: 5*11 + 9^2 + 9 + 8^3 = 657
Teste Cromossomo (x: 11, y: 9, w: 2, z: 12) -> Equação: 5*11 + 9^2 + 2 + 12^3 = 1866
Teste Cromossomo (x: 12, y: 5, w: 7, z: 0) -> Equação: 5*12 + 5^2 + 7 + 0^3 = 92
Geração 2 - Novo Melhor Cromossomo: (x: 12, y: 5, w: 7, z: 0) com Aptidão: 0.010638297872340425
Teste Cromossomo (x: 12, y: 5, w: 2, z: 0) -> Equação: 5*12 + 5^2 + 2 + 0^3 = 87
Teste Cromossomo (x: 12, y: 5, w: 7, z: 1) -> Equação: 5*12 + 5^2 + 7 + 1^3 = 93
Teste Cromossomo (x: 12, y: 5, w: 7, z: 0) -> Equação: 5*12 + 5^2 + 7 + 0^3 = 92
Teste Cromossomo (x: 12, y: 5, w: 7, z: 8) -> Equação: 5*12 + 5^2 + 7 + 8^3 = 604
Teste Cromossomo (x: 10, y: 4, w: 7, z: 2) -> Equação: 5*10 + 4^2 + 7 + 2^3 = 81
Teste Cromossomo (x: 10, y: 0, w: 15, z: 2) -> Equação: 5*10 + 0^2 + 15 + 2^3 = 73
Teste Cromossomo (x: 10, y: 4, w: 13, z: 0) -> Equação: 5*10 + 4^2 + 13 + 0^3 = 79
Teste Cromossomo (x: 10, y: 5, w: 15, z: 3) -> Equação: 5*10 + 5^2 + 15 + 3^3 = 117
Teste Cromossomo (x: 10, y: 4, w: 3, z: 0) -> Equação: 5*10 + 4^2 + 3 + 0^3 = 69
Teste Cromossomo (x: 10, y: 4, w: 9, z: 0) -> Equação: 5*10 + 4^2 + 9 + 0^3 = 75
Geração 3 - Novo Melhor Cromossomo: (x: 10, y: 5, w: 15, z: 3) com Aptidão: 0.014492753623188406
Teste Cromossomo (x: 10, y: 5, w: 15, z: 3) -> Equação: 5*10 + 5^2 + 15 + 3^3 = 117
Teste Cromossomo (x: 10, y: 5, w: 7, z: 11) -> Equação: 5*10 + 5^2 + 7 + 11^3 = 1413
Teste Cromossomo (x: 10, y: 5, w: 15, z: 7) -> Equação: 5*10 + 5^2 + 15 + 7^3 = 433
Teste Cromossomo (x: 10, y: 5, w: 15, z: 3) -> Equação: 5*10 + 5^2 + 15 + 3^3 = 117
Teste Cromossomo (x: 8, y: 5, w: 7, z: 1) -> Equação: 5*8 + 5^2 + 7 + 1^3 = 73
Teste Cromossomo (x: 12, y: 5, w: 7, z: 1) -> Equação: 5*12 + 5^2 + 7 + 1^3 = 93
Teste Cromossomo (x: 12, y: 5, w: 7, z: 0) -> Equação: 5*12 + 5^2 + 7 + 0^3 = 92
Teste Cromossomo (x: 5, y: 7, w: 7, z: 1) -> Equação: 5*5 + 7^2 + 7 + 1^3 = 82
Teste Cromossomo (x: 12, y: 4, w: 2, z: 0) -> Equação: 5*12 + 4^2 + 2 + 0^3 = 78
Teste Cromossomo (x: 12, y: 5, w: 5, z: 1) -> Equação: 5*12 + 5^2 + 5 + 1^3 = 91
Geração 4 - Cromossomo (x: 10, y: 5, w: 15, z: 3) ainda é o mais apto com Aptidão: 0.014492753623188406
Teste Cromossomo (x: 8, y: 7, w: 7, z: 7) -> Equação: 5*8 + 7^2 + 7 + 7^3 = 439
Teste Cromossomo (x: 10, y: 5, w: 15, z: 3) -> Equação: 5*10 + 5^2 + 15 + 3^3 = 117
Teste Cromossomo (x: 10, y: 7, w: 11, z: 3) -> Equação: 5*10 + 7^2 + 11 + 3^3 = 137
Teste Cromossomo (x: 14, y: 5, w: 15, z: 3) -> Equação: 5*14 + 5^2 + 15 + 3^3 = 137
Teste Cromossomo (x: 2, y: 5, w: 15, z: 0) -> Equação: 5*2 + 5^2 + 15 + 0^3 = 50
Teste Cromossomo (x: 11, y: 5, w: 15, z: 3) -> Equação: 5*11 + 5^2 + 15 + 3^3 = 122
Teste Cromossomo (x: 10, y: 5, w: 5, z: 19) -> Equação: 5*10 + 5^2 + 5 + 19^3 = 6939
Teste Cromossomo (x: 12, y: 5, w: 15, z: 3) -> Equação: 5*12 + 5^2 + 15 + 3^3 = 127
Teste Cromossomo (x: 12, y: 5, w: 7, z: 0) -> Equação: 5*12 + 5^2 + 7 + 0^3 = 92
Teste Cromossomo (x: 12, y: 5, w: 6, z: 1) -> Equação: 5*12 + 5^2 + 6 + 1^3 = 92
Geração 5 - Novo Melhor Cromossomo: (x: 10, y: 7, w: 11, z: 3) com Aptidão: 0.02040816326530612
Teste Cromossomo (x: 10, y: 7, w: 11, z: 11) -> Equação: 5*10 + 7^2 + 11 + 11^3 = 1441
Teste Cromossomo (x: 10, y: 7, w: 11, z: 3) -> Equação: 5*10 + 7^2 + 11 + 3^3 = 137
Teste Cromossomo (x: 11, y: 7, w: 11, z: 1) -> Equação: 5*11 + 7^2 + 11 + 1^3 = 116
Teste Cromossomo (x: 11, y: 7, w: 11, z: 3) -> Equação: 5*11 + 7^2 + 11 + 3^3 = 142
Teste Cromossomo (x: 12, y: 5, w: 11, z: 3) -> Equação: 5*12 + 5^2 + 11 + 3^3 = 123
Teste Cromossomo (x: 14, y: 12, w: 15, z: 3) -> Equação: 5*14 + 12^2 + 15 + 3^3 = 256
Teste Cromossomo (x: 14, y: 5, w: 15, z: 11) -> Equação: 5*14 + 5^2 + 15 + 11^3 = 1441
Teste Cromossomo (x: 13, y: 4, w: 15, z: 3) -> Equação: 5*13 + 4^2 + 15 + 3^3 = 123
Teste Cromossomo (x: 12, y: 5, w: 15, z: 11) -> Equação: 5*12 + 5^2 + 15 + 11^3 = 1431
Teste Cromossomo (x: 10, y: 5, w: 14, z: 3) -> Equação: 5*10 + 5^2 + 14 + 3^3 = 116
Geração 6 - Novo Melhor Cromossomo: (x: 11, y: 7, w: 11, z: 3) com Aptidão: 0.022727272727272728
Teste Cromossomo (x: 3, y: 7, w: 11, z: 3) -> Equação: 5*3 + 7^2 + 11 + 3^3 = 102
Teste Cromossomo (x: 11, y: 7, w: 11, z: 2) -> Equação: 5*11 + 7^2 + 11 + 2^3 = 123
Teste Cromossomo (x: 11, y: 7, w: 3, z: 3) -> Equação: 5*11 + 7^2 + 3 + 3^3 = 134
Teste Cromossomo (x: 10, y: 7, w: 11, z: 3) -> Equação: 5*10 + 7^2 + 11 + 3^3 = 137
Teste Cromossomo (x: 0, y: 6, w: 11, z: 0) -> Equação: 5*0 + 6^2 + 11 + 0^3 = 47
Teste Cromossomo (x: 10, y: 6, w: 11, z: 13) -> Equação: 5*10 + 6^2 + 11 + 13^3 = 2294
Teste Cromossomo (x: 10, y: 7, w: 11, z: 3) -> Equação: 5*10 + 7^2 + 11 + 3^3 = 137
Teste Cromossomo (x: 12, y: 13, w: 11, z: 3) -> Equação: 5*12 + 13^2 + 11 + 3^3 = 267
Teste Cromossomo (x: 8, y: 5, w: 15, z: 3) -> Equação: 5*8 + 5^2 + 15 + 3^3 = 107
Teste Cromossomo (x: 13, y: 4, w: 11, z: 3) -> Equação: 5*13 + 4^2 + 11 + 3^3 = 119
Geração 7 - Novo Melhor Cromossomo: (x: 10, y: 7, w: 11, z: 3) com Aptidão: 0.02040816326530612
Teste Cromossomo (x: 10, y: 7, w: 11, z: 18) -> Equação: 5*10 + 7^2 + 11 + 18^3 = 5942
Teste Cromossomo (x: 10, y: 7, w: 11, z: 3) -> Equação: 5*10 + 7^2 + 11 + 3^3 = 137
Teste Cromossomo (x: 10, y: 6, w: 10, z: 3) -> Equação: 5*10 + 6^2 + 10 + 3^3 = 123
Teste Cromossomo (x: 8, y: 3, w: 10, z: 3) -> Equação: 5*8 + 3^2 + 10 + 3^3 = 86
Teste Cromossomo (x: 10, y: 5, w: 11, z: 3) -> Equação: 5*10 + 5^2 + 11 + 3^3 = 113
Teste Cromossomo (x: 11, y: 7, w: 15, z: 3) -> Equação: 5*11 + 7^2 + 15 + 3^3 = 146
Teste Cromossomo (x: 11, y: 15, w: 3, z: 3) -> Equação: 5*11 + 15^2 + 3 + 3^3 = 310
Teste Cromossomo (x: 11, y: 7, w: 11, z: 2) -> Equação: 5*11 + 7^2 + 11 + 2^3 = 123
Teste Cromossomo (x: 11, y: 7, w: 10, z: 2) -> Equação: 5*11 + 7^2 + 10 + 2^3 = 122
Teste Cromossomo (x: 9, y: 7, w: 3, z: 3) -> Equação: 5*9 + 7^2 + 3 + 3^3 = 124
Geração 8 - Novo Melhor Cromossomo: (x: 11, y: 7, w: 15, z: 3) com Aptidão: 0.025
Teste Cromossomo (x: 2, y: 7, w: 11, z: 3) -> Equação: 5*2 + 7^2 + 11 + 3^3 = 97
Teste Cromossomo (x: 11, y: 7, w: 15, z: 23) -> Equação: 5*11 + 7^2 + 15 + 23^3 = 12286
Teste Cromossomo (x: 9, y: 7, w: 15, z: 7) -> Equação: 5*9 + 7^2 + 15 + 7^3 = 452
Teste Cromossomo (x: 15, y: 7, w: 15, z: 2) -> Equação: 5*15 + 7^2 + 15 + 2^3 = 147
Teste Cromossomo (x: 10, y: 3, w: 11, z: 3) -> Equação: 5*10 + 3^2 + 11 + 3^3 = 97
Teste Cromossomo (x: 10, y: 7, w: 11, z: 11) -> Equação: 5*10 + 7^2 + 11 + 11^3 = 1441
Teste Cromossomo (x: 2, y: 15, w: 3, z: 3) -> Equação: 5*2 + 15^2 + 3 + 3^3 = 265
Teste Cromossomo (x: 9, y: 7, w: 11, z: 7) -> Equação: 5*9 + 7^2 + 11 + 7^3 = 448
Teste Cromossomo (x: 8, y: 7, w: 2, z: 3) -> Equação: 5*8 + 7^2 + 2 + 3^3 = 118
Teste Cromossomo (x: 10, y: 6, w: 3, z: 3) -> Equação: 5*10 + 6^2 + 3 + 3^3 = 116
Geração 9 - Novo Melhor Cromossomo: (x: 15, y: 7, w: 15, z: 2) com Aptidão: 0.02564102564102564
Teste Cromossomo (x: 15, y: 7, w: 15, z: 2) -> Equação: 5*15 + 7^2 + 15 + 2^3 = 147
Teste Cromossomo (x: 3, y: 2, w: 15, z: 2) -> Equação: 5*3 + 2^2 + 15 + 2^3 = 42
Teste Cromossomo (x: 10, y: 7, w: 15, z: 2) -> Equação: 5*10 + 7^2 + 15 + 2^3 = 122
Teste Cromossomo (x: 15, y: 7, w: 15, z: 2) -> Equação: 5*15 + 7^2 + 15 + 2^3 = 147
Teste Cromossomo (x: 8, y: 7, w: 2, z: 3) -> Equação: 5*8 + 7^2 + 2 + 3^3 = 118
Teste Cromossomo (x: 8, y: 4, w: 2, z: 11) -> Equação: 5*8 + 4^2 + 2 + 11^3 = 1389
Teste Cromossomo (x: 8, y: 7, w: 3, z: 3) -> Equação: 5*8 + 7^2 + 3 + 3^3 = 119
Teste Cromossomo (x: 10, y: 6, w: 2, z: 1) -> Equação: 5*10 + 6^2 + 2 + 1^3 = 89
Teste Cromossomo (x: 7, y: 6, w: 3, z: 3) -> Equação: 5*7 + 6^2 + 3 + 3^3 = 101
Teste Cromossomo (x: 2, y: 15, w: 11, z: 7) -> Equação: 5*2 + 15^2 + 11 + 7^3 = 589
Geração 10 - Cromossomo (x: 15, y: 7, w: 15, z: 2) ainda é o mais apto com Aptidão: 0.02564102564102564
Teste Cromossomo (x: 15, y: 7, w: 13, z: 18) -> Equação: 5*15 + 7^2 + 13 + 18^3 = 5969
Teste Cromossomo (x: 15, y: 7, w: 11, z: 2) -> Equação: 5*15 + 7^2 + 11 + 2^3 = 143
Teste Cromossomo (x: 13, y: 7, w: 15, z: 2) -> Equação: 5*13 + 7^2 + 15 + 2^3 = 137
Teste Cromossomo (x: 14, y: 7, w: 15, z: 3) -> Equação: 5*14 + 7^2 + 15 + 3^3 = 161
Teste Cromossomo (x: 15, y: 7, w: 15, z: 18) -> Equação: 5*15 + 7^2 + 15 + 18^3 = 5971
Teste Cromossomo (x: 15, y: 6, w: 15, z: 2) -> Equação: 5*15 + 6^2 + 15 + 2^3 = 134
Teste Cromossomo (x: 15, y: 7, w: 15, z: 10) -> Equação: 5*15 + 7^2 + 15 + 10^3 = 1139
Teste Cromossomo (x: 10, y: 7, w: 14, z: 2) -> Equação: 5*10 + 7^2 + 14 + 2^3 = 121
Teste Cromossomo (x: 10, y: 6, w: 3, z: 3) -> Equação: 5*10 + 6^2 + 3 + 3^3 = 116
Teste Cromossomo (x: 8, y: 7, w: 15, z: 2) -> Equação: 5*8 + 7^2 + 15 + 2^3 = 112
Geração 11 - Novo Melhor Cromossomo: (x: 14, y: 7, w: 15, z: 3) com Aptidão: 0.04
Teste Cromossomo (x: 14, y: 2, w: 15, z: 11) -> Equação: 5*14 + 2^2 + 15 + 11^3 = 1420
Teste Cromossomo (x: 14, y: 5, w: 15, z: 3) -> Equação: 5*14 + 5^2 + 15 + 3^3 = 137
Teste Cromossomo (x: 14, y: 15, w: 15, z: 19) -> Equação: 5*14 + 15^2 + 15 + 19^3 = 7169
Teste Cromossomo (x: 14, y: 6, w: 15, z: 3) -> Equação: 5*14 + 6^2 + 15 + 3^3 = 148
Teste Cromossomo (x: 11, y: 7, w: 9, z: 2) -> Equação: 5*11 + 7^2 + 9 + 2^3 = 121
Teste Cromossomo (x: 15, y: 3, w: 11, z: 6) -> Equação: 5*15 + 3^2 + 11 + 6^3 = 311
Teste Cromossomo (x: 14, y: 6, w: 15, z: 0) -> Equação: 5*14 + 6^2 + 15 + 0^3 = 121
Teste Cromossomo (x: 13, y: 7, w: 11, z: 1) -> Equação: 5*13 + 7^2 + 11 + 1^3 = 126
Teste Cromossomo (x: 13, y: 5, w: 15, z: 2) -> Equação: 5*13 + 5^2 + 15 + 2^3 = 113
Teste Cromossomo (x: 15, y: 4, w: 15, z: 2) -> Equação: 5*15 + 4^2 + 15 + 2^3 = 114
Geração 12 - Novo Melhor Cromossomo: (x: 14, y: 6, w: 15, z: 3) com Aptidão: 0.02631578947368421
Teste Cromossomo (x: 6, y: 6, w: 15, z: 7) -> Equação: 5*6 + 6^2 + 15 + 7^3 = 424
Teste Cromossomo (x: 14, y: 2, w: 15, z: 11) -> Equação: 5*14 + 2^2 + 15 + 11^3 = 1420
Teste Cromossomo (x: 14, y: 6, w: 15, z: 3) -> Equação: 5*14 + 6^2 + 15 + 3^3 = 148
Teste Cromossomo (x: 14, y: 6, w: 13, z: 3) -> Equação: 5*14 + 6^2 + 13 + 3^3 = 146
Teste Cromossomo (x: 14, y: 5, w: 15, z: 3) -> Equação: 5*14 + 5^2 + 15 + 3^3 = 137
Teste Cromossomo (x: 10, y: 5, w: 15, z: 3) -> Equação: 5*10 + 5^2 + 15 + 3^3 = 117
Teste Cromossomo (x: 14, y: 5, w: 3, z: 1) -> Equação: 5*14 + 5^2 + 3 + 1^3 = 99
Teste Cromossomo (x: 13, y: 2, w: 13, z: 3) -> Equação: 5*13 + 2^2 + 13 + 3^3 = 109
Teste Cromossomo (x: 9, y: 15, w: 9, z: 5) -> Equação: 5*9 + 15^2 + 9 + 5^3 = 404
Teste Cromossomo (x: 11, y: 7, w: 11, z: 1) -> Equação: 5*11 + 7^2 + 11 + 1^3 = 116
Geração 13 - Cromossomo (x: 14, y: 6, w: 15, z: 3) ainda é o mais apto com Aptidão: 0.02631578947368421
Teste Cromossomo (x: 12, y: 6, w: 15, z: 3) -> Equação: 5*12 + 6^2 + 15 + 3^3 = 138
Teste Cromossomo (x: 7, y: 6, w: 15, z: 3) -> Equação: 5*7 + 6^2 + 15 + 3^3 = 113
Teste Cromossomo (x: 14, y: 6, w: 15, z: 3) -> Equação: 5*14 + 6^2 + 15 + 3^3 = 148
Teste Cromossomo (x: 14, y: 6, w: 15, z: 3) -> Equação: 5*14 + 6^2 + 15 + 3^3 = 148
Teste Cromossomo (x: 14, y: 6, w: 13, z: 3) -> Equação: 5*14 + 6^2 + 13 + 3^3 = 146
Teste Cromossomo (x: 14, y: 6, w: 13, z: 3) -> Equação: 5*14 + 6^2 + 13 + 3^3 = 146
Teste Cromossomo (x: 14, y: 2, w: 5, z: 19) -> Equação: 5*14 + 2^2 + 5 + 19^3 = 6938
Teste Cromossomo (x: 14, y: 4, w: 13, z: 3) -> Equação: 5*14 + 4^2 + 13 + 3^3 = 126
Teste Cromossomo (x: 14, y: 1, w: 15, z: 3) -> Equação: 5*14 + 1^2 + 15 + 3^3 = 113
Teste Cromossomo (x: 10, y: 5, w: 15, z: 3) -> Equação: 5*10 + 5^2 + 15 + 3^3 = 117
Geração 14 - Cromossomo (x: 14, y: 6, w: 15, z: 3) ainda é o mais apto com Aptidão: 0.02631578947368421
Teste Cromossomo (x: 10, y: 6, w: 15, z: 3) -> Equação: 5*10 + 6^2 + 15 + 3^3 = 128
Teste Cromossomo (x: 14, y: 6, w: 15, z: 11) -> Equação: 5*14 + 6^2 + 15 + 11^3 = 1452
Teste Cromossomo (x: 14, y: 6, w: 15, z: 3) -> Equação: 5*14 + 6^2 + 15 + 3^3 = 148
Teste Cromossomo (x: 15, y: 0, w: 12, z: 3) -> Equação: 5*15 + 0^2 + 12 + 3^3 = 114
Teste Cromossomo (x: 10, y: 6, w: 15, z: 3) -> Equação: 5*10 + 6^2 + 15 + 3^3 = 128
Teste Cromossomo (x: 14, y: 6, w: 15, z: 1) -> Equação: 5*14 + 6^2 + 15 + 1^3 = 122
Teste Cromossomo (x: 15, y: 6, w: 13, z: 3) -> Equação: 5*15 + 6^2 + 13 + 3^3 = 151
Teste Cromossomo (x: 14, y: 7, w: 15, z: 19) -> Equação: 5*14 + 7^2 + 15 + 19^3 = 6993
Teste Cromossomo (x: 14, y: 0, w: 13, z: 9) -> Equação: 5*14 + 0^2 + 13 + 9^3 = 812
Teste Cromossomo (x: 10, y: 6, w: 13, z: 3) -> Equação: 5*10 + 6^2 + 13 + 3^3 = 126
Geração 15 - Novo Melhor Cromossomo: (x: 15, y: 6, w: 13, z: 3) com Aptidão: 0.02857142857142857
Teste Cromossomo (x: 15, y: 6, w: 13, z: 3) -> Equação: 5*15 + 6^2 + 13 + 3^3 = 151
Teste Cromossomo (x: 8, y: 6, w: 13, z: 3) -> Equação: 5*8 + 6^2 + 13 + 3^3 = 116
Teste Cromossomo (x: 15, y: 7, w: 13, z: 3) -> Equação: 5*15 + 7^2 + 13 + 3^3 = 164
Teste Cromossomo (x: 10, y: 6, w: 9, z: 3) -> Equação: 5*10 + 6^2 + 9 + 3^3 = 122
Teste Cromossomo (x: 11, y: 6, w: 15, z: 2) -> Equação: 5*11 + 6^2 + 15 + 2^3 = 114
Teste Cromossomo (x: 14, y: 6, w: 11, z: 11) -> Equação: 5*14 + 6^2 + 11 + 11^3 = 1448
Teste Cromossomo (x: 14, y: 6, w: 15, z: 3) -> Equação: 5*14 + 6^2 + 15 + 3^3 = 148
Teste Cromossomo (x: 10, y: 6, w: 13, z: 18) -> Equação: 5*10 + 6^2 + 13 + 18^3 = 5931
Teste Cromossomo (x: 10, y: 6, w: 7, z: 1) -> Equação: 5*10 + 6^2 + 7 + 1^3 = 94
Teste Cromossomo (x: 10, y: 6, w: 15, z: 3) -> Equação: 5*10 + 6^2 + 15 + 3^3 = 128
Geração 16 - Novo Melhor Cromossomo: (x: 15, y: 7, w: 13, z: 3) com Aptidão: 0.045454545454545456
Teste Cromossomo (x: 15, y: 7, w: 13, z: 3) -> Equação: 5*15 + 7^2 + 13 + 3^3 = 164
Teste Cromossomo (x: 15, y: 7, w: 13, z: 19) -> Equação: 5*15 + 7^2 + 13 + 19^3 = 6996
Teste Cromossomo (x: 14, y: 7, w: 13, z: 7) -> Equação: 5*14 + 7^2 + 13 + 7^3 = 475
Teste Cromossomo (x: 15, y: 7, w: 13, z: 3) -> Equação: 5*15 + 7^2 + 13 + 3^3 = 164
Teste Cromossomo (x: 15, y: 6, w: 5, z: 3) -> Equação: 5*15 + 6^2 + 5 + 3^3 = 143
Teste Cromossomo (x: 15, y: 6, w: 13, z: 3) -> Equação: 5*15 + 6^2 + 13 + 3^3 = 151
Teste Cromossomo (x: 15, y: 10, w: 15, z: 11) -> Equação: 5*15 + 10^2 + 15 + 11^3 = 1521
Teste Cromossomo (x: 14, y: 14, w: 13, z: 11) -> Equação: 5*14 + 14^2 + 13 + 11^3 = 1610
Teste Cromossomo (x: 14, y: 14, w: 15, z: 5) -> Equação: 5*14 + 14^2 + 15 + 5^3 = 406
Teste Cromossomo (x: 11, y: 4, w: 7, z: 2) -> Equação: 5*11 + 4^2 + 7 + 2^3 = 86
Geração 17 - Cromossomo (x: 15, y: 7, w: 13, z: 3) ainda é o mais apto com Aptidão: 0.045454545454545456
Teste Cromossomo (x: 14, y: 7, w: 13, z: 3) -> Equação: 5*14 + 7^2 + 13 + 3^3 = 159
Teste Cromossomo (x: 15, y: 7, w: 5, z: 3) -> Equação: 5*15 + 7^2 + 5 + 3^3 = 156
Teste Cromossomo (x: 14, y: 7, w: 13, z: 3) -> Equação: 5*14 + 7^2 + 13 + 3^3 = 159
Teste Cromossomo (x: 15, y: 15, w: 13, z: 3) -> Equação: 5*15 + 15^2 + 13 + 3^3 = 340
Teste Cromossomo (x: 15, y: 7, w: 13, z: 11) -> Equação: 5*15 + 7^2 + 13 + 11^3 = 1468
Teste Cromossomo (x: 15, y: 7, w: 13, z: 7) -> Equação: 5*15 + 7^2 + 13 + 7^3 = 480
Teste Cromossomo (x: 15, y: 3, w: 13, z: 3) -> Equação: 5*15 + 3^2 + 13 + 3^3 = 124
Teste Cromossomo (x: 15, y: 6, w: 13, z: 11) -> Equação: 5*15 + 6^2 + 13 + 11^3 = 1455
Teste Cromossomo (x: 7, y: 6, w: 5, z: 11) -> Equação: 5*7 + 6^2 + 5 + 11^3 = 1407
Teste Cromossomo (x: 15, y: 6, w: 9, z: 11) -> Equação: 5*15 + 6^2 + 9 + 11^3 = 1451
Geração 18 - Novo Melhor Cromossomo: (x: 14, y: 7, w: 13, z: 3) com Aptidão: 0.037037037037037035
Teste Cromossomo (x: 14, y: 7, w: 15, z: 3) -> Equação: 5*14 + 7^2 + 15 + 3^3 = 161
Teste Cromossomo (x: 10, y: 7, w: 13, z: 3) -> Equação: 5*10 + 7^2 + 13 + 3^3 = 139
Teste Cromossomo (x: 14, y: 15, w: 13, z: 2) -> Equação: 5*14 + 15^2 + 13 + 2^3 = 316
Teste Cromossomo (x: 14, y: 7, w: 13, z: 11) -> Equação: 5*14 + 7^2 + 13 + 11^3 = 1463
Teste Cromossomo (x: 14, y: 7, w: 13, z: 19) -> Equação: 5*14 + 7^2 + 13 + 19^3 = 6991
Teste Cromossomo (x: 14, y: 7, w: 13, z: 3) -> Equação: 5*14 + 7^2 + 13 + 3^3 = 159
Teste Cromossomo (x: 12, y: 7, w: 1, z: 3) -> Equação: 5*12 + 7^2 + 1 + 3^3 = 137
Teste Cromossomo (x: 15, y: 6, w: 13, z: 3) -> Equação: 5*15 + 6^2 + 13 + 3^3 = 151
Teste Cromossomo (x: 15, y: 3, w: 13, z: 3) -> Equação: 5*15 + 3^2 + 13 + 3^3 = 124
Teste Cromossomo (x: 15, y: 3, w: 5, z: 7) -> Equação: 5*15 + 3^2 + 5 + 7^3 = 432
Geração 19 - Novo Melhor Cromossomo: (x: 14, y: 7, w: 15, z: 3) com Aptidão: 0.04
Teste Cromossomo (x: 10, y: 7, w: 11, z: 19) -> Equação: 5*10 + 7^2 + 11 + 19^3 = 6969
Teste Cromossomo (x: 14, y: 15, w: 15, z: 3) -> Equação: 5*14 + 15^2 + 15 + 3^3 = 337
Teste Cromossomo (x: 14, y: 7, w: 15, z: 3) -> Equação: 5*14 + 7^2 + 15 + 3^3 = 161
Teste Cromossomo (x: 14, y: 7, w: 13, z: 3) -> Equação: 5*14 + 7^2 + 13 + 3^3 = 159
Teste Cromossomo (x: 14, y: 3, w: 13, z: 3) -> Equação: 5*14 + 3^2 + 13 + 3^3 = 119
Teste Cromossomo (x: 14, y: 7, w: 12, z: 3) -> Equação: 5*14 + 7^2 + 12 + 3^3 = 158
Teste Cromossomo (x: 15, y: 15, w: 13, z: 19) -> Equação: 5*15 + 15^2 + 13 + 19^3 = 7172
Teste Cromossomo (x: 14, y: 2, w: 9, z: 3) -> Equação: 5*14 + 2^2 + 9 + 3^3 = 110
Teste Cromossomo (x: 13, y: 6, w: 13, z: 3) -> Equação: 5*13 + 6^2 + 13 + 3^3 = 141
Teste Cromossomo (x: 10, y: 7, w: 5, z: 3) -> Equação: 5*10 + 7^2 + 5 + 3^3 = 131
Geração 20 - Cromossomo (x: 14, y: 7, w: 15, z: 3) ainda é o mais apto com Aptidão: 0.04
Teste Cromossomo (x: 12, y: 7, w: 13, z: 3) -> Equação: 5*12 + 7^2 + 13 + 3^3 = 149
Teste Cromossomo (x: 14, y: 7, w: 15, z: 3) -> Equação: 5*14 + 7^2 + 15 + 3^3 = 161
Teste Cromossomo (x: 14, y: 7, w: 15, z: 7) -> Equação: 5*14 + 7^2 + 15 + 7^3 = 477
Teste Cromossomo (x: 12, y: 7, w: 15, z: 3) -> Equação: 5*12 + 7^2 + 15 + 3^3 = 151
Teste Cromossomo (x: 14, y: 7, w: 13, z: 3) -> Equação: 5*14 + 7^2 + 13 + 3^3 = 159
Teste Cromossomo (x: 2, y: 7, w: 13, z: 3) -> Equação: 5*2 + 7^2 + 13 + 3^3 = 99
Teste Cromossomo (x: 14, y: 7, w: 12, z: 3) -> Equação: 5*14 + 7^2 + 12 + 3^3 = 158
Teste Cromossomo (x: 14, y: 7, w: 3, z: 3) -> Equação: 5*14 + 7^2 + 3 + 3^3 = 149
Teste Cromossomo (x: 15, y: 7, w: 13, z: 3) -> Equação: 5*15 + 7^2 + 13 + 3^3 = 164
Teste Cromossomo (x: 13, y: 6, w: 12, z: 15) -> Equação: 5*13 + 6^2 + 12 + 15^3 = 3488
Geração 21 - Novo Melhor Cromossomo: (x: 15, y: 7, w: 13, z: 3) com Aptidão: 0.045454545454545456
Teste Cromossomo (x: 14, y: 7, w: 12, z: 3) -> Equação: 5*14 + 7^2 + 12 + 3^3 = 158
Teste Cromossomo (x: 15, y: 5, w: 13, z: 3) -> Equação: 5*15 + 5^2 + 13 + 3^3 = 140
Teste Cromossomo (x: 11, y: 5, w: 13, z: 11) -> Equação: 5*11 + 5^2 + 13 + 11^3 = 1424
Teste Cromossomo (x: 13, y: 7, w: 11, z: 3) -> Equação: 5*13 + 7^2 + 11 + 3^3 = 152
Teste Cromossomo (x: 14, y: 7, w: 13, z: 3) -> Equação: 5*14 + 7^2 + 13 + 3^3 = 159
Teste Cromossomo (x: 14, y: 7, w: 15, z: 11) -> Equação: 5*14 + 7^2 + 15 + 11^3 = 1465
Teste Cromossomo (x: 14, y: 7, w: 13, z: 3) -> Equação: 5*14 + 7^2 + 13 + 3^3 = 159
Teste Cromossomo (x: 10, y: 7, w: 15, z: 3) -> Equação: 5*10 + 7^2 + 15 + 3^3 = 141
Teste Cromossomo (x: 12, y: 7, w: 12, z: 3) -> Equação: 5*12 + 7^2 + 12 + 3^3 = 148
Teste Cromossomo (x: 10, y: 7, w: 13, z: 3) -> Equação: 5*10 + 7^2 + 13 + 3^3 = 139
Geração 22 - Novo Melhor Cromossomo: (x: 14, y: 7, w: 13, z: 3) com Aptidão: 0.037037037037037035
Teste Cromossomo (x: 12, y: 7, w: 13, z: 3) -> Equação: 5*12 + 7^2 + 13 + 3^3 = 149
Teste Cromossomo (x: 14, y: 7, w: 13, z: 3) -> Equação: 5*14 + 7^2 + 13 + 3^3 = 159
Teste Cromossomo (x: 14, y: 7, w: 13, z: 1) -> Equação: 5*14 + 7^2 + 13 + 1^3 = 133
Teste Cromossomo (x: 14, y: 7, w: 15, z: 2) -> Equação: 5*14 + 7^2 + 15 + 2^3 = 142
Teste Cromossomo (x: 14, y: 7, w: 15, z: 2) -> Equação: 5*14 + 7^2 + 15 + 2^3 = 142
Teste Cromossomo (x: 14, y: 7, w: 13, z: 3) -> Equação: 5*14 + 7^2 + 13 + 3^3 = 159
Teste Cromossomo (x: 10, y: 5, w: 12, z: 11) -> Equação: 5*10 + 5^2 + 12 + 11^3 = 1418
Teste Cromossomo (x: 14, y: 7, w: 13, z: 3) -> Equação: 5*14 + 7^2 + 13 + 3^3 = 159
Teste Cromossomo (x: 14, y: 7, w: 11, z: 3) -> Equação: 5*14 + 7^2 + 11 + 3^3 = 157
Teste Cromossomo (x: 15, y: 7, w: 15, z: 3) -> Equação: 5*15 + 7^2 + 15 + 3^3 = 166
Geração 23 - Novo Melhor Cromossomo: (x: 15, y: 7, w: 15, z: 3) com Aptidão: 0.05
Teste Cromossomo (x: 15, y: 7, w: 11, z: 3) -> Equação: 5*15 + 7^2 + 11 + 3^3 = 162
Teste Cromossomo (x: 15, y: 7, w: 7, z: 3) -> Equação: 5*15 + 7^2 + 7 + 3^3 = 158
Teste Cromossomo (x: 15, y: 7, w: 15, z: 3) -> Equação: 5*15 + 7^2 + 15 + 3^3 = 166
Teste Cromossomo (x: 11, y: 6, w: 11, z: 3) -> Equação: 5*11 + 6^2 + 11 + 3^3 = 129
Teste Cromossomo (x: 14, y: 7, w: 12, z: 3) -> Equação: 5*14 + 7^2 + 12 + 3^3 = 158
Teste Cromossomo (x: 14, y: 7, w: 13, z: 2) -> Equação: 5*14 + 7^2 + 13 + 2^3 = 140
Teste Cromossomo (x: 14, y: 7, w: 15, z: 3) -> Equação: 5*14 + 7^2 + 15 + 3^3 = 161
Teste Cromossomo (x: 14, y: 7, w: 13, z: 3) -> Equação: 5*14 + 7^2 + 13 + 3^3 = 159
Teste Cromossomo (x: 14, y: 7, w: 5, z: 3) -> Equação: 5*14 + 7^2 + 5 + 3^3 = 151
Teste Cromossomo (x: 14, y: 7, w: 13, z: 3) -> Equação: 5*14 + 7^2 + 13 + 3^3 = 159
Geração 24 - Cromossomo (x: 15, y: 7, w: 15, z: 3) ainda é o mais apto com Aptidão: 0.05
Teste Cromossomo (x: 15, y: 7, w: 15, z: 3) -> Equação: 5*15 + 7^2 + 15 + 3^3 = 166
Teste Cromossomo (x: 5, y: 7, w: 5, z: 3) -> Equação: 5*5 + 7^2 + 5 + 3^3 = 106
Teste Cromossomo (x: 15, y: 5, w: 15, z: 2) -> Equação: 5*15 + 5^2 + 15 + 2^3 = 123
Teste Cromossomo (x: 15, y: 15, w: 7, z: 3) -> Equação: 5*15 + 15^2 + 7 + 3^3 = 334
Teste Cromossomo (x: 15, y: 3, w: 11, z: 3) -> Equação: 5*15 + 3^2 + 11 + 3^3 = 122
Teste Cromossomo (x: 15, y: 7, w: 11, z: 3) -> Equação: 5*15 + 7^2 + 11 + 3^3 = 162
Teste Cromossomo (x: 15, y: 6, w: 15, z: 3) -> Equação: 5*15 + 6^2 + 15 + 3^3 = 153
Teste Cromossomo (x: 14, y: 3, w: 9, z: 3) -> Equação: 5*14 + 3^2 + 9 + 3^3 = 115
Teste Cromossomo (x: 14, y: 5, w: 7, z: 3) -> Equação: 5*14 + 5^2 + 7 + 3^3 = 129
Teste Cromossomo (x: 14, y: 7, w: 15, z: 2) -> Equação: 5*14 + 7^2 + 15 + 2^3 = 142
Geração 25 - Cromossomo (x: 15, y: 7, w: 15, z: 3) ainda é o mais apto com Aptidão: 0.05
Teste Cromossomo (x: 15, y: 7, w: 15, z: 3) -> Equação: 5*15 + 7^2 + 15 + 3^3 = 166
Teste Cromossomo (x: 15, y: 7, w: 15, z: 3) -> Equação: 5*15 + 7^2 + 15 + 3^3 = 166
Teste Cromossomo (x: 15, y: 7, w: 15, z: 3) -> Equação: 5*15 + 7^2 + 15 + 3^3 = 166
Teste Cromossomo (x: 15, y: 7, w: 15, z: 3) -> Equação: 5*15 + 7^2 + 15 + 3^3 = 166
Teste Cromossomo (x: 15, y: 3, w: 11, z: 10) -> Equação: 5*15 + 3^2 + 11 + 10^3 = 1095
Teste Cromossomo (x: 15, y: 15, w: 11, z: 3) -> Equação: 5*15 + 15^2 + 11 + 3^3 = 338
Teste Cromossomo (x: 15, y: 5, w: 15, z: 3) -> Equação: 5*15 + 5^2 + 15 + 3^3 = 142
Teste Cromossomo (x: 14, y: 6, w: 11, z: 0) -> Equação: 5*14 + 6^2 + 11 + 0^3 = 117
Teste Cromossomo (x: 13, y: 6, w: 15, z: 0) -> Equação: 5*13 + 6^2 + 15 + 0^3 = 116
Teste Cromossomo (x: 15, y: 7, w: 15, z: 3) -> Equação: 5*15 + 7^2 + 15 + 3^3 = 166
Geração 26 - Cromossomo (x: 15, y: 7, w: 15, z: 3) ainda é o mais apto com Aptidão: 0.05
Teste Cromossomo (x: 15, y: 7, w: 15, z: 3) -> Equação: 5*15 + 7^2 + 15 + 3^3 = 166
Teste Cromossomo (x: 15, y: 7, w: 15, z: 3) -> Equação: 5*15 + 7^2 + 15 + 3^3 = 166
Teste Cromossomo (x: 15, y: 7, w: 12, z: 3) -> Equação: 5*15 + 7^2 + 12 + 3^3 = 163
Teste Cromossomo (x: 11, y: 7, w: 15, z: 10) -> Equação: 5*11 + 7^2 + 15 + 10^3 = 1119
Teste Cromossomo (x: 15, y: 7, w: 15, z: 19) -> Equação: 5*15 + 7^2 + 15 + 19^3 = 6998
Teste Cromossomo (x: 11, y: 7, w: 15, z: 1) -> Equação: 5*11 + 7^2 + 15 + 1^3 = 120
Teste Cromossomo (x: 15, y: 1, w: 15, z: 3) -> Equação: 5*15 + 1^2 + 15 + 3^3 = 118
Teste Cromossomo (x: 15, y: 7, w: 15, z: 3) -> Equação: 5*15 + 7^2 + 15 + 3^3 = 166
Teste Cromossomo (x: 7, y: 7, w: 15, z: 10) -> Equação: 5*7 + 7^2 + 15 + 10^3 = 1099
Teste Cromossomo (x: 15, y: 3, w: 9, z: 3) -> Equação: 5*15 + 3^2 + 9 + 3^3 = 120
Geração 27 - Cromossomo (x: 15, y: 7, w: 15, z: 3) ainda é o mais apto com Aptidão: 0.05
Teste Cromossomo (x: 7, y: 7, w: 15, z: 3) -> Equação: 5*7 + 7^2 + 15 + 3^3 = 126
Teste Cromossomo (x: 15, y: 15, w: 15, z: 3) -> Equação: 5*15 + 15^2 + 15 + 3^3 = 342
Teste Cromossomo (x: 15, y: 7, w: 15, z: 3) -> Equação: 5*15 + 7^2 + 15 + 3^3 = 166
Teste Cromossomo (x: 15, y: 6, w: 15, z: 2) -> Equação: 5*15 + 6^2 + 15 + 2^3 = 134
Teste Cromossomo (x: 15, y: 7, w: 15, z: 2) -> Equação: 5*15 + 7^2 + 15 + 2^3 = 147
Teste Cromossomo (x: 15, y: 7, w: 15, z: 2) -> Equação: 5*15 + 7^2 + 15 + 2^3 = 147
Teste Cromossomo (x: 15, y: 7, w: 15, z: 3) -> Equação: 5*15 + 7^2 + 15 + 3^3 = 166
Teste Cromossomo (x: 15, y: 7, w: 15, z: 3) -> Equação: 5*15 + 7^2 + 15 + 3^3 = 166
Teste Cromossomo (x: 15, y: 7, w: 8, z: 0) -> Equação: 5*15 + 7^2 + 8 + 0^3 = 132
Teste Cromossomo (x: 3, y: 15, w: 15, z: 19) -> Equação: 5*3 + 15^2 + 15 + 19^3 = 7114
Geração 28 - Cromossomo (x: 15, y: 7, w: 15, z: 3) ainda é o mais apto com Aptidão: 0.05
Teste Cromossomo (x: 15, y: 15, w: 15, z: 7) -> Equação: 5*15 + 15^2 + 15 + 7^3 = 658
Teste Cromossomo (x: 15, y: 6, w: 14, z: 3) -> Equação: 5*15 + 6^2 + 14 + 3^3 = 152
Teste Cromossomo (x: 15, y: 7, w: 11, z: 3) -> Equação: 5*15 + 7^2 + 11 + 3^3 = 162
Teste Cromossomo (x: 15, y: 7, w: 15, z: 19) -> Equação: 5*15 + 7^2 + 15 + 19^3 = 6998
Teste Cromossomo (x: 15, y: 7, w: 15, z: 3) -> Equação: 5*15 + 7^2 + 15 + 3^3 = 166
Teste Cromossomo (x: 15, y: 7, w: 15, z: 3) -> Equação: 5*15 + 7^2 + 15 + 3^3 = 166
Teste Cromossomo (x: 13, y: 7, w: 15, z: 19) -> Equação: 5*13 + 7^2 + 15 + 19^3 = 6988
Teste Cromossomo (x: 15, y: 7, w: 15, z: 3) -> Equação: 5*15 + 7^2 + 15 + 3^3 = 166
Teste Cromossomo (x: 7, y: 5, w: 15, z: 2) -> Equação: 5*7 + 5^2 + 15 + 2^3 = 83
Teste Cromossomo (x: 15, y: 7, w: 14, z: 2) -> Equação: 5*15 + 7^2 + 14 + 2^3 = 146
Geração 29 - Cromossomo (x: 15, y: 7, w: 15, z: 3) ainda é o mais apto com Aptidão: 0.05
Teste Cromossomo (x: 7, y: 7, w: 15, z: 3) -> Equação: 5*7 + 7^2 + 15 + 3^3 = 126
Teste Cromossomo (x: 15, y: 7, w: 7, z: 1) -> Equação: 5*15 + 7^2 + 7 + 1^3 = 132
Teste Cromossomo (x: 15, y: 7, w: 5, z: 3) -> Equação: 5*15 + 7^2 + 5 + 3^3 = 156
Teste Cromossomo (x: 13, y: 5, w: 15, z: 3) -> Equação: 5*13 + 5^2 + 15 + 3^3 = 132
Teste Cromossomo (x: 15, y: 7, w: 15, z: 7) -> Equação: 5*15 + 7^2 + 15 + 7^3 = 482
Teste Cromossomo (x: 15, y: 7, w: 15, z: 11) -> Equação: 5*15 + 7^2 + 15 + 11^3 = 1470
Teste Cromossomo (x: 9, y: 7, w: 14, z: 19) -> Equação: 5*9 + 7^2 + 14 + 19^3 = 6967
Teste Cromossomo (x: 15, y: 6, w: 15, z: 19) -> Equação: 5*15 + 6^2 + 15 + 19^3 = 6985
Teste Cromossomo (x: 15, y: 7, w: 11, z: 19) -> Equação: 5*15 + 7^2 + 11 + 19^3 = 6994
Teste Cromossomo (x: 11, y: 5, w: 14, z: 19) -> Equação: 5*11 + 5^2 + 14 + 19^3 = 6953
Geração 30 - Novo Melhor Cromossomo: (x: 15, y: 7, w: 5, z: 3) com Aptidão: 0.03333333333333333
Teste Cromossomo (x: 15, y: 7, w: 5, z: 3) -> Equação: 5*15 + 7^2 + 5 + 3^3 = 156
Teste Cromossomo (x: 15, y: 6, w: 4, z: 3) -> Equação: 5*15 + 6^2 + 4 + 3^3 = 142
Teste Cromossomo (x: 15, y: 7, w: 5, z: 23) -> Equação: 5*15 + 7^2 + 5 + 23^3 = 12296
Teste Cromossomo (x: 13, y: 7, w: 5, z: 3) -> Equação: 5*13 + 7^2 + 5 + 3^3 = 146
Teste Cromossomo (x: 15, y: 15, w: 7, z: 1) -> Equação: 5*15 + 15^2 + 7 + 1^3 = 308
Teste Cromossomo (x: 15, y: 7, w: 3, z: 10) -> Equação: 5*15 + 7^2 + 3 + 10^3 = 1127
Teste Cromossomo (x: 7, y: 7, w: 15, z: 3) -> Equação: 5*7 + 7^2 + 15 + 3^3 = 126
Teste Cromossomo (x: 13, y: 5, w: 7, z: 1) -> Equação: 5*13 + 5^2 + 7 + 1^3 = 98
Teste Cromossomo (x: 13, y: 5, w: 15, z: 7) -> Equação: 5*13 + 5^2 + 15 + 7^3 = 448
Teste Cromossomo (x: 5, y: 7, w: 7, z: 17) -> Equação: 5*5 + 7^2 + 7 + 17^3 = 4994
Geração 31 - Cromossomo (x: 15, y: 7, w: 5, z: 3) ainda é o mais apto com Aptidão: 0.03333333333333333
Teste Cromossomo (x: 15, y: 15, w: 5, z: 3) -> Equação: 5*15 + 15^2 + 5 + 3^3 = 332
Teste Cromossomo (x: 15, y: 7, w: 5, z: 3) -> Equação: 5*15 + 7^2 + 5 + 3^3 = 156
Teste Cromossomo (x: 3, y: 6, w: 5, z: 3) -> Equação: 5*3 + 6^2 + 5 + 3^3 = 83
Teste Cromossomo (x: 15, y: 7, w: 5, z: 1) -> Equação: 5*15 + 7^2 + 5 + 1^3 = 130
Teste Cromossomo (x: 13, y: 15, w: 5, z: 3) -> Equação: 5*13 + 15^2 + 5 + 3^3 = 322
Teste Cromossomo (x: 13, y: 5, w: 5, z: 3) -> Equação: 5*13 + 5^2 + 5 + 3^3 = 122
Teste Cromossomo (x: 13, y: 7, w: 4, z: 3) -> Equação: 5*13 + 7^2 + 4 + 3^3 = 145
Teste Cromossomo (x: 15, y: 6, w: 5, z: 3) -> Equação: 5*15 + 6^2 + 5 + 3^3 = 143
Teste Cromossomo (x: 15, y: 6, w: 13, z: 3) -> Equação: 5*15 + 6^2 + 13 + 3^3 = 151
Teste Cromossomo (x: 5, y: 7, w: 4, z: 3) -> Equação: 5*5 + 7^2 + 4 + 3^3 = 105
Geração 32 - Cromossomo (x: 15, y: 7, w: 5, z: 3) ainda é o mais apto com Aptidão: 0.03333333333333333
Teste Cromossomo (x: 15, y: 3, w: 5, z: 2) -> Equação: 5*15 + 3^2 + 5 + 2^3 = 97
Teste Cromossomo (x: 15, y: 7, w: 5, z: 3) -> Equação: 5*15 + 7^2 + 5 + 3^3 = 156
Teste Cromossomo (x: 15, y: 7, w: 5, z: 3) -> Equação: 5*15 + 7^2 + 5 + 3^3 = 156
Teste Cromossomo (x: 15, y: 7, w: 5, z: 3) -> Equação: 5*15 + 7^2 + 5 + 3^3 = 156
Teste Cromossomo (x: 15, y: 14, w: 12, z: 2) -> Equação: 5*15 + 14^2 + 12 + 2^3 = 291
Teste Cromossomo (x: 15, y: 6, w: 13, z: 3) -> Equação: 5*15 + 6^2 + 13 + 3^3 = 151
Teste Cromossomo (x: 15, y: 6, w: 4, z: 3) -> Equação: 5*15 + 6^2 + 4 + 3^3 = 142
Teste Cromossomo (x: 13, y: 7, w: 7, z: 3) -> Equação: 5*13 + 7^2 + 7 + 3^3 = 148
Teste Cromossomo (x: 13, y: 3, w: 5, z: 19) -> Equação: 5*13 + 3^2 + 5 + 19^3 = 6938
Teste Cromossomo (x: 15, y: 6, w: 4, z: 3) -> Equação: 5*15 + 6^2 + 4 + 3^3 = 142
Geração 33 - Cromossomo (x: 15, y: 7, w: 5, z: 3) ainda é o mais apto com Aptidão: 0.03333333333333333
Teste Cromossomo (x: 15, y: 5, w: 7, z: 3) -> Equação: 5*15 + 5^2 + 7 + 3^3 = 134
Teste Cromossomo (x: 15, y: 7, w: 5, z: 23) -> Equação: 5*15 + 7^2 + 5 + 23^3 = 12296
Teste Cromossomo (x: 15, y: 7, w: 5, z: 3) -> Equação: 5*15 + 7^2 + 5 + 3^3 = 156
Teste Cromossomo (x: 13, y: 7, w: 5, z: 3) -> Equação: 5*13 + 7^2 + 5 + 3^3 = 146
Teste Cromossomo (x: 15, y: 7, w: 5, z: 3) -> Equação: 5*15 + 7^2 + 5 + 3^3 = 156
Teste Cromossomo (x: 3, y: 7, w: 5, z: 3) -> Equação: 5*3 + 7^2 + 5 + 3^3 = 96
Teste Cromossomo (x: 15, y: 3, w: 5, z: 3) -> Equação: 5*15 + 3^2 + 5 + 3^3 = 116
Teste Cromossomo (x: 15, y: 7, w: 7, z: 7) -> Equação: 5*15 + 7^2 + 7 + 7^3 = 474
Teste Cromossomo (x: 15, y: 5, w: 15, z: 3) -> Equação: 5*15 + 5^2 + 15 + 3^3 = 142
Teste Cromossomo (x: 15, y: 6, w: 5, z: 3) -> Equação: 5*15 + 6^2 + 5 + 3^3 = 143
Geração 34 - Cromossomo (x: 15, y: 7, w: 5, z: 3) ainda é o mais apto com Aptidão: 0.03333333333333333
Teste Cromossomo (x: 12, y: 6, w: 1, z: 3) -> Equação: 5*12 + 6^2 + 1 + 3^3 = 124
Teste Cromossomo (x: 15, y: 7, w: 9, z: 3) -> Equação: 5*15 + 7^2 + 9 + 3^3 = 160
Teste Cromossomo (x: 7, y: 5, w: 5, z: 3) -> Equação: 5*7 + 5^2 + 5 + 3^3 = 92
Teste Cromossomo (x: 15, y: 7, w: 5, z: 11) -> Equação: 5*15 + 7^2 + 5 + 11^3 = 1460
Teste Cromossomo (x: 15, y: 7, w: 13, z: 3) -> Equação: 5*15 + 7^2 + 13 + 3^3 = 164
Teste Cromossomo (x: 15, y: 5, w: 5, z: 3) -> Equação: 5*15 + 5^2 + 5 + 3^3 = 132
Teste Cromossomo (x: 15, y: 7, w: 5, z: 3) -> Equação: 5*15 + 7^2 + 5 + 3^3 = 156
Teste Cromossomo (x: 13, y: 3, w: 5, z: 3) -> Equação: 5*13 + 3^2 + 5 + 3^3 = 106
Teste Cromossomo (x: 13, y: 7, w: 7, z: 18) -> Equação: 5*13 + 7^2 + 7 + 18^3 = 5953
Teste Cromossomo (x: 15, y: 6, w: 3, z: 3) -> Equação: 5*15 + 6^2 + 3 + 3^3 = 141
Geração 35 - Novo Melhor Cromossomo: (x: 15, y: 7, w: 13, z: 3) com Aptidão: 0.045454545454545456
Teste Cromossomo (x: 15, y: 7, w: 13, z: 7) -> Equação: 5*15 + 7^2 + 13 + 7^3 = 480
Teste Cromossomo (x: 15, y: 4, w: 13, z: 3) -> Equação: 5*15 + 4^2 + 13 + 3^3 = 131
Teste Cromossomo (x: 15, y: 7, w: 13, z: 3) -> Equação: 5*15 + 7^2 + 13 + 3^3 = 164
Teste Cromossomo (x: 15, y: 7, w: 13, z: 3) -> Equação: 5*15 + 7^2 + 13 + 3^3 = 164
Teste Cromossomo (x: 7, y: 7, w: 9, z: 7) -> Equação: 5*7 + 7^2 + 9 + 7^3 = 436
Teste Cromossomo (x: 11, y: 7, w: 9, z: 11) -> Equação: 5*11 + 7^2 + 9 + 11^3 = 1444
Teste Cromossomo (x: 15, y: 7, w: 5, z: 2) -> Equação: 5*15 + 7^2 + 5 + 2^3 = 137
Teste Cromossomo (x: 15, y: 7, w: 9, z: 3) -> Equação: 5*15 + 7^2 + 9 + 3^3 = 160
Teste Cromossomo (x: 15, y: 6, w: 3, z: 3) -> Equação: 5*15 + 6^2 + 3 + 3^3 = 141
Teste Cromossomo (x: 15, y: 6, w: 5, z: 2) -> Equação: 5*15 + 6^2 + 5 + 2^3 = 124
Geração 36 - Cromossomo (x: 15, y: 7, w: 13, z: 3) ainda é o mais apto com Aptidão: 0.045454545454545456
Teste Cromossomo (x: 15, y: 7, w: 13, z: 3) -> Equação: 5*15 + 7^2 + 13 + 3^3 = 164
Teste Cromossomo (x: 11, y: 11, w: 14, z: 3) -> Equação: 5*11 + 11^2 + 14 + 3^3 = 217
Teste Cromossomo (x: 15, y: 7, w: 15, z: 2) -> Equação: 5*15 + 7^2 + 15 + 2^3 = 147
Teste Cromossomo (x: 15, y: 7, w: 13, z: 3) -> Equação: 5*15 + 7^2 + 13 + 3^3 = 164
Teste Cromossomo (x: 7, y: 7, w: 13, z: 2) -> Equação: 5*7 + 7^2 + 13 + 2^3 = 105
Teste Cromossomo (x: 15, y: 1, w: 5, z: 7) -> Equação: 5*15 + 1^2 + 5 + 7^3 = 424
Teste Cromossomo (x: 15, y: 1, w: 9, z: 3) -> Equação: 5*15 + 1^2 + 9 + 3^3 = 112
Teste Cromossomo (x: 15, y: 7, w: 13, z: 3) -> Equação: 5*15 + 7^2 + 13 + 3^3 = 164
Teste Cromossomo (x: 14, y: 7, w: 3, z: 3) -> Equação: 5*14 + 7^2 + 3 + 3^3 = 149
Teste Cromossomo (x: 15, y: 14, w: 9, z: 3) -> Equação: 5*15 + 14^2 + 9 + 3^3 = 307
Geração 37 - Cromossomo (x: 15, y: 7, w: 13, z: 3) ainda é o mais apto com Aptidão: 0.045454545454545456
Teste Cromossomo (x: 15, y: 7, w: 13, z: 3) -> Equação: 5*15 + 7^2 + 13 + 3^3 = 164
Teste Cromossomo (x: 7, y: 7, w: 13, z: 3) -> Equação: 5*7 + 7^2 + 13 + 3^3 = 124
Teste Cromossomo (x: 15, y: 7, w: 15, z: 3) -> Equação: 5*15 + 7^2 + 15 + 3^3 = 166
Teste Cromossomo (x: 15, y: 7, w: 13, z: 3) -> Equação: 5*15 + 7^2 + 13 + 3^3 = 164
Teste Cromossomo (x: 7, y: 7, w: 13, z: 3) -> Equação: 5*7 + 7^2 + 13 + 3^3 = 124
Teste Cromossomo (x: 3, y: 7, w: 13, z: 3) -> Equação: 5*3 + 7^2 + 13 + 3^3 = 104
Teste Cromossomo (x: 15, y: 7, w: 13, z: 3) -> Equação: 5*15 + 7^2 + 13 + 3^3 = 164
Teste Cromossomo (x: 15, y: 5, w: 13, z: 3) -> Equação: 5*15 + 5^2 + 13 + 3^3 = 140
Teste Cromossomo (x: 15, y: 7, w: 14, z: 3) -> Equação: 5*15 + 7^2 + 14 + 3^3 = 165
Teste Cromossomo (x: 11, y: 11, w: 13, z: 19) -> Equação: 5*11 + 11^2 + 13 + 19^3 = 7048
Geração 38 - Novo Melhor Cromossomo: (x: 15, y: 7, w: 15, z: 3) com Aptidão: 0.05
Teste Cromossomo (x: 11, y: 7, w: 15, z: 3) -> Equação: 5*11 + 7^2 + 15 + 3^3 = 146
Teste Cromossomo (x: 15, y: 7, w: 15, z: 3) -> Equação: 5*15 + 7^2 + 15 + 3^3 = 166
Teste Cromossomo (x: 15, y: 7, w: 15, z: 11) -> Equação: 5*15 + 7^2 + 15 + 11^3 = 1470
Teste Cromossomo (x: 15, y: 7, w: 15, z: 3) -> Equação: 5*15 + 7^2 + 15 + 3^3 = 166
Teste Cromossomo (x: 11, y: 7, w: 14, z: 3) -> Equação: 5*11 + 7^2 + 14 + 3^3 = 145
Teste Cromossomo (x: 15, y: 15, w: 14, z: 3) -> Equação: 5*15 + 15^2 + 14 + 3^3 = 341
Teste Cromossomo (x: 15, y: 7, w: 13, z: 3) -> Equação: 5*15 + 7^2 + 13 + 3^3 = 164
Teste Cromossomo (x: 15, y: 5, w: 14, z: 3) -> Equação: 5*15 + 5^2 + 14 + 3^3 = 141
Teste Cromossomo (x: 14, y: 15, w: 13, z: 6) -> Equação: 5*14 + 15^2 + 13 + 6^3 = 524
Teste Cromossomo (x: 11, y: 5, w: 13, z: 3) -> Equação: 5*11 + 5^2 + 13 + 3^3 = 120
Geração 39 - Cromossomo (x: 15, y: 7, w: 15, z: 3) ainda é o mais apto com Aptidão: 0.05
Teste Cromossomo (x: 15, y: 7, w: 15, z: 6) -> Equação: 5*15 + 7^2 + 15 + 6^3 = 355
Teste Cromossomo (x: 7, y: 7, w: 15, z: 18) -> Equação: 5*7 + 7^2 + 15 + 18^3 = 5931
Teste Cromossomo (x: 13, y: 15, w: 15, z: 11) -> Equação: 5*13 + 15^2 + 15 + 11^3 = 1636
Teste Cromossomo (x: 15, y: 7, w: 7, z: 1) -> Equação: 5*15 + 7^2 + 7 + 1^3 = 132
Teste Cromossomo (x: 15, y: 15, w: 15, z: 18) -> Equação: 5*15 + 15^2 + 15 + 18^3 = 6147
Teste Cromossomo (x: 13, y: 7, w: 13, z: 3) -> Equação: 5*13 + 7^2 + 13 + 3^3 = 154
Teste Cromossomo (x: 15, y: 7, w: 13, z: 3) -> Equação: 5*15 + 7^2 + 13 + 3^3 = 164
Teste Cromossomo (x: 15, y: 5, w: 15, z: 3) -> Equação: 5*15 + 5^2 + 15 + 3^3 = 142
Teste Cromossomo (x: 7, y: 7, w: 15, z: 3) -> Equação: 5*7 + 7^2 + 15 + 3^3 = 126
Teste Cromossomo (x: 3, y: 7, w: 13, z: 3) -> Equação: 5*3 + 7^2 + 13 + 3^3 = 104
Geração 40 - Novo Melhor Cromossomo: (x: 15, y: 7, w: 13, z: 3) com Aptidão: 0.045454545454545456
Teste Cromossomo (x: 15, y: 7, w: 13, z: 18) -> Equação: 5*15 + 7^2 + 13 + 18^3 = 5969
Teste Cromossomo (x: 15, y: 7, w: 12, z: 3) -> Equação: 5*15 + 7^2 + 12 + 3^3 = 163
Teste Cromossomo (x: 15, y: 7, w: 13, z: 3) -> Equação: 5*15 + 7^2 + 13 + 3^3 = 164
Teste Cromossomo (x: 14, y: 7, w: 9, z: 3) -> Equação: 5*14 + 7^2 + 9 + 3^3 = 155
Teste Cromossomo (x: 9, y: 5, w: 13, z: 3) -> Equação: 5*9 + 5^2 + 13 + 3^3 = 110
Teste Cromossomo (x: 14, y: 7, w: 13, z: 7) -> Equação: 5*14 + 7^2 + 13 + 7^3 = 475
Teste Cromossomo (x: 13, y: 7, w: 15, z: 2) -> Equação: 5*13 + 7^2 + 15 + 2^3 = 137
Teste Cromossomo (x: 15, y: 5, w: 13, z: 3) -> Equação: 5*15 + 5^2 + 13 + 3^3 = 140
Teste Cromossomo (x: 15, y: 5, w: 5, z: 3) -> Equação: 5*15 + 5^2 + 5 + 3^3 = 132
Teste Cromossomo (x: 15, y: 7, w: 7, z: 3) -> Equação: 5*15 + 7^2 + 7 + 3^3 = 158
Geração 41 - Cromossomo (x: 15, y: 7, w: 13, z: 3) ainda é o mais apto com Aptidão: 0.045454545454545456
Teste Cromossomo (x: 14, y: 7, w: 13, z: 7) -> Equação: 5*14 + 7^2 + 13 + 7^3 = 475
Teste Cromossomo (x: 15, y: 7, w: 13, z: 3) -> Equação: 5*15 + 7^2 + 13 + 3^3 = 164
Teste Cromossomo (x: 15, y: 7, w: 13, z: 3) -> Equação: 5*15 + 7^2 + 13 + 3^3 = 164
Teste Cromossomo (x: 15, y: 5, w: 13, z: 3) -> Equação: 5*15 + 5^2 + 13 + 3^3 = 140
Teste Cromossomo (x: 11, y: 7, w: 8, z: 3) -> Equação: 5*11 + 7^2 + 8 + 3^3 = 139
Teste Cromossomo (x: 15, y: 7, w: 12, z: 11) -> Equação: 5*15 + 7^2 + 12 + 11^3 = 1467
Teste Cromossomo (x: 15, y: 7, w: 7, z: 7) -> Equação: 5*15 + 7^2 + 7 + 7^3 = 474
Teste Cromossomo (x: 15, y: 7, w: 12, z: 3) -> Equação: 5*15 + 7^2 + 12 + 3^3 = 163
Teste Cromossomo (x: 15, y: 7, w: 9, z: 3) -> Equação: 5*15 + 7^2 + 9 + 3^3 = 160
Teste Cromossomo (x: 14, y: 7, w: 15, z: 3) -> Equação: 5*14 + 7^2 + 15 + 3^3 = 161
Geração 42 - Cromossomo (x: 15, y: 7, w: 13, z: 3) ainda é o mais apto com Aptidão: 0.045454545454545456
Teste Cromossomo (x: 15, y: 7, w: 13, z: 3) -> Equação: 5*15 + 7^2 + 13 + 3^3 = 164
Teste Cromossomo (x: 13, y: 7, w: 13, z: 3) -> Equação: 5*13 + 7^2 + 13 + 3^3 = 154
Teste Cromossomo (x: 15, y: 7, w: 12, z: 3) -> Equação: 5*15 + 7^2 + 12 + 3^3 = 163
Teste Cromossomo (x: 15, y: 7, w: 13, z: 3) -> Equação: 5*15 + 7^2 + 13 + 3^3 = 164
Teste Cromossomo (x: 15, y: 3, w: 13, z: 3) -> Equação: 5*15 + 3^2 + 13 + 3^3 = 124
Teste Cromossomo (x: 15, y: 7, w: 13, z: 2) -> Equação: 5*15 + 7^2 + 13 + 2^3 = 145
Teste Cromossomo (x: 15, y: 3, w: 12, z: 3) -> Equação: 5*15 + 3^2 + 12 + 3^3 = 123
Teste Cromossomo (x: 15, y: 7, w: 15, z: 3) -> Equação: 5*15 + 7^2 + 15 + 3^3 = 166
Teste Cromossomo (x: 15, y: 7, w: 15, z: 11) -> Equação: 5*15 + 7^2 + 15 + 11^3 = 1470
Teste Cromossomo (x: 14, y: 7, w: 12, z: 3) -> Equação: 5*14 + 7^2 + 12 + 3^3 = 158
Geração 43 - Novo Melhor Cromossomo: (x: 15, y: 7, w: 15, z: 3) com Aptidão: 0.05
Teste Cromossomo (x: 15, y: 15, w: 14, z: 3) -> Equação: 5*15 + 15^2 + 14 + 3^3 = 341
Teste Cromossomo (x: 15, y: 7, w: 15, z: 3) -> Equação: 5*15 + 7^2 + 15 + 3^3 = 166
Teste Cromossomo (x: 13, y: 7, w: 6, z: 2) -> Equação: 5*13 + 7^2 + 6 + 2^3 = 128
Teste Cromossomo (x: 11, y: 7, w: 15, z: 3) -> Equação: 5*11 + 7^2 + 15 + 3^3 = 146
Teste Cromossomo (x: 14, y: 11, w: 9, z: 3) -> Equação: 5*14 + 11^2 + 9 + 3^3 = 227
Teste Cromossomo (x: 11, y: 3, w: 13, z: 3) -> Equação: 5*11 + 3^2 + 13 + 3^3 = 104
Teste Cromossomo (x: 15, y: 15, w: 13, z: 3) -> Equação: 5*15 + 15^2 + 13 + 3^3 = 340
Teste Cromossomo (x: 15, y: 7, w: 12, z: 3) -> Equação: 5*15 + 7^2 + 12 + 3^3 = 163
Teste Cromossomo (x: 15, y: 7, w: 12, z: 11) -> Equação: 5*15 + 7^2 + 12 + 11^3 = 1467
Teste Cromossomo (x: 15, y: 7, w: 15, z: 1) -> Equação: 5*15 + 7^2 + 15 + 1^3 = 140
Geração 44 - Cromossomo (x: 15, y: 7, w: 15, z: 3) ainda é o mais apto com Aptidão: 0.05
Teste Cromossomo (x: 13, y: 7, w: 11, z: 3) -> Equação: 5*13 + 7^2 + 11 + 3^3 = 152
Teste Cromossomo (x: 15, y: 7, w: 15, z: 17) -> Equação: 5*15 + 7^2 + 15 + 17^3 = 5052
Teste Cromossomo (x: 15, y: 7, w: 15, z: 3) -> Equação: 5*15 + 7^2 + 15 + 3^3 = 166
Teste Cromossomo (x: 7, y: 7, w: 15, z: 19) -> Equação: 5*7 + 7^2 + 15 + 19^3 = 6958
Teste Cromossomo (x: 13, y: 7, w: 13, z: 3) -> Equação: 5*13 + 7^2 + 13 + 3^3 = 154
Teste Cromossomo (x: 15, y: 7, w: 12, z: 3) -> Equação: 5*15 + 7^2 + 12 + 3^3 = 163
Teste Cromossomo (x: 15, y: 5, w: 15, z: 3) -> Equação: 5*15 + 5^2 + 15 + 3^3 = 142
Teste Cromossomo (x: 10, y: 7, w: 14, z: 3) -> Equação: 5*10 + 7^2 + 14 + 3^3 = 140
Teste Cromossomo (x: 11, y: 1, w: 13, z: 3) -> Equação: 5*11 + 1^2 + 13 + 3^3 = 96
Teste Cromossomo (x: 3, y: 9, w: 15, z: 1) -> Equação: 5*3 + 9^2 + 15 + 1^3 = 112
Geração 45 - Cromossomo (x: 15, y: 7, w: 15, z: 3) ainda é o mais apto com Aptidão: 0.05
Teste Cromossomo (x: 15, y: 7, w: 15, z: 3) -> Equação: 5*15 + 7^2 + 15 + 3^3 = 166
Teste Cromossomo (x: 15, y: 7, w: 11, z: 3) -> Equação: 5*15 + 7^2 + 11 + 3^3 = 162
Teste Cromossomo (x: 15, y: 7, w: 15, z: 3) -> Equação: 5*15 + 7^2 + 15 + 3^3 = 166
Teste Cromossomo (x: 15, y: 7, w: 15, z: 3) -> Equação: 5*15 + 7^2 + 15 + 3^3 = 166
Teste Cromossomo (x: 15, y: 7, w: 13, z: 5) -> Equação: 5*15 + 7^2 + 13 + 5^3 = 262
Teste Cromossomo (x: 13, y: 7, w: 12, z: 3) -> Equação: 5*13 + 7^2 + 12 + 3^3 = 153
Teste Cromossomo (x: 15, y: 7, w: 13, z: 3) -> Equação: 5*15 + 7^2 + 13 + 3^3 = 164
Teste Cromossomo (x: 4, y: 7, w: 12, z: 16) -> Equação: 5*4 + 7^2 + 12 + 16^3 = 4177
Teste Cromossomo (x: 13, y: 7, w: 11, z: 7) -> Equação: 5*13 + 7^2 + 11 + 7^3 = 468
Teste Cromossomo (x: 4, y: 7, w: 13, z: 1) -> Equação: 5*4 + 7^2 + 13 + 1^3 = 83
Geração 46 - Cromossomo (x: 15, y: 7, w: 15, z: 3) ainda é o mais apto com Aptidão: 0.05
Teste Cromossomo (x: 7, y: 7, w: 15, z: 3) -> Equação: 5*7 + 7^2 + 15 + 3^3 = 126
Teste Cromossomo (x: 15, y: 7, w: 15, z: 1) -> Equação: 5*15 + 7^2 + 15 + 1^3 = 140
Teste Cromossomo (x: 11, y: 5, w: 15, z: 3) -> Equação: 5*11 + 5^2 + 15 + 3^3 = 122
Teste Cromossomo (x: 15, y: 5, w: 15, z: 3) -> Equação: 5*15 + 5^2 + 15 + 3^3 = 142
Teste Cromossomo (x: 7, y: 7, w: 15, z: 19) -> Equação: 5*7 + 7^2 + 15 + 19^3 = 6958
Teste Cromossomo (x: 11, y: 7, w: 15, z: 2) -> Equação: 5*11 + 7^2 + 15 + 2^3 = 127
Teste Cromossomo (x: 11, y: 7, w: 15, z: 3) -> Equação: 5*11 + 7^2 + 15 + 3^3 = 146
Teste Cromossomo (x: 15, y: 7, w: 7, z: 3) -> Equação: 5*15 + 7^2 + 7 + 3^3 = 158
Teste Cromossomo (x: 15, y: 7, w: 13, z: 3) -> Equação: 5*15 + 7^2 + 13 + 3^3 = 164
Teste Cromossomo (x: 15, y: 5, w: 7, z: 7) -> Equação: 5*15 + 5^2 + 7 + 7^3 = 450
Geração 47 - Novo Melhor Cromossomo: (x: 15, y: 7, w: 13, z: 3) com Aptidão: 0.045454545454545456
Teste Cromossomo (x: 14, y: 7, w: 5, z: 3) -> Equação: 5*14 + 7^2 + 5 + 3^3 = 151
Teste Cromossomo (x: 15, y: 7, w: 13, z: 3) -> Equação: 5*15 + 7^2 + 13 + 3^3 = 164
Teste Cromossomo (x: 15, y: 3, w: 9, z: 3) -> Equação: 5*15 + 3^2 + 9 + 3^3 = 120
Teste Cromossomo (x: 15, y: 7, w: 13, z: 3) -> Equação: 5*15 + 7^2 + 13 + 3^3 = 164
Teste Cromossomo (x: 13, y: 7, w: 7, z: 3) -> Equação: 5*13 + 7^2 + 7 + 3^3 = 148
Teste Cromossomo (x: 13, y: 6, w: 7, z: 3) -> Equação: 5*13 + 6^2 + 7 + 3^3 = 135
Teste Cromossomo (x: 15, y: 5, w: 15, z: 3) -> Equação: 5*15 + 5^2 + 15 + 3^3 = 142
Teste Cromossomo (x: 15, y: 6, w: 6, z: 3) -> Equação: 5*15 + 6^2 + 6 + 3^3 = 144
Teste Cromossomo (x: 10, y: 7, w: 15, z: 11) -> Equação: 5*10 + 7^2 + 15 + 11^3 = 1445
Teste Cromossomo (x: 15, y: 5, w: 15, z: 19) -> Equação: 5*15 + 5^2 + 15 + 19^3 = 6974
Geração 48 - Cromossomo (x: 15, y: 7, w: 13, z: 3) ainda é o mais apto com Aptidão: 0.045454545454545456
Teste Cromossomo (x: 11, y: 3, w: 13, z: 3) -> Equação: 5*11 + 3^2 + 13 + 3^3 = 104
Teste Cromossomo (x: 12, y: 7, w: 13, z: 11) -> Equação: 5*12 + 7^2 + 13 + 11^3 = 1453
Teste Cromossomo (x: 14, y: 7, w: 13, z: 19) -> Equação: 5*14 + 7^2 + 13 + 19^3 = 6991
Teste Cromossomo (x: 15, y: 6, w: 13, z: 3) -> Equação: 5*15 + 6^2 + 13 + 3^3 = 151
Teste Cromossomo (x: 15, y: 7, w: 13, z: 3) -> Equação: 5*15 + 7^2 + 13 + 3^3 = 164
Teste Cromossomo (x: 15, y: 7, w: 13, z: 3) -> Equação: 5*15 + 7^2 + 13 + 3^3 = 164
Teste Cromossomo (x: 15, y: 7, w: 5, z: 3) -> Equação: 5*15 + 7^2 + 5 + 3^3 = 156
Teste Cromossomo (x: 14, y: 5, w: 13, z: 3) -> Equação: 5*14 + 5^2 + 13 + 3^3 = 135
Teste Cromossomo (x: 14, y: 15, w: 7, z: 3) -> Equação: 5*14 + 15^2 + 7 + 3^3 = 329
Teste Cromossomo (x: 5, y: 5, w: 3, z: 3) -> Equação: 5*5 + 5^2 + 3 + 3^3 = 80
Geração 49 - Cromossomo (x: 15, y: 7, w: 13, z: 3) ainda é o mais apto com Aptidão: 0.045454545454545456
Teste Cromossomo (x: 15, y: 7, w: 5, z: 3) -> Equação: 5*15 + 7^2 + 5 + 3^3 = 156
Teste Cromossomo (x: 14, y: 3, w: 13, z: 3) -> Equação: 5*14 + 3^2 + 13 + 3^3 = 119
Teste Cromossomo (x: 15, y: 7, w: 13, z: 3) -> Equação: 5*15 + 7^2 + 13 + 3^3 = 164
Teste Cromossomo (x: 13, y: 7, w: 13, z: 3) -> Equação: 5*13 + 7^2 + 13 + 3^3 = 154
Teste Cromossomo (x: 11, y: 7, w: 13, z: 3) -> Equação: 5*11 + 7^2 + 13 + 3^3 = 144
Teste Cromossomo (x: 11, y: 7, w: 13, z: 3) -> Equação: 5*11 + 7^2 + 13 + 3^3 = 144
Teste Cromossomo (x: 15, y: 7, w: 12, z: 3) -> Equação: 5*15 + 7^2 + 12 + 3^3 = 163
Teste Cromossomo (x: 15, y: 7, w: 13, z: 17) -> Equação: 5*15 + 7^2 + 13 + 17^3 = 5050
Teste Cromossomo (x: 15, y: 7, w: 13, z: 17) -> Equação: 5*15 + 7^2 + 13 + 17^3 = 5050
Teste Cromossomo (x: 15, y: 6, w: 4, z: 2) -> Equação: 5*15 + 6^2 + 4 + 2^3 = 123
Geração 50 - Cromossomo (x: 15, y: 7, w: 13, z: 3) ainda é o mais apto com Aptidão: 0.045454545454545456
Teste Cromossomo (x: 15, y: 7, w: 9, z: 3) -> Equação: 5*15 + 7^2 + 9 + 3^3 = 160
Teste Cromossomo (x: 15, y: 7, w: 13, z: 10) -> Equação: 5*15 + 7^2 + 13 + 10^3 = 1137
Teste Cromossomo (x: 15, y: 7, w: 13, z: 3) -> Equação: 5*15 + 7^2 + 13 + 3^3 = 164
Teste Cromossomo (x: 15, y: 7, w: 5, z: 3) -> Equação: 5*15 + 7^2 + 5 + 3^3 = 156
Teste Cromossomo (x: 15, y: 7, w: 12, z: 3) -> Equação: 5*15 + 7^2 + 12 + 3^3 = 163
Teste Cromossomo (x: 15, y: 7, w: 12, z: 7) -> Equação: 5*15 + 7^2 + 12 + 7^3 = 479
Teste Cromossomo (x: 15, y: 7, w: 5, z: 3) -> Equação: 5*15 + 7^2 + 5 + 3^3 = 156
Teste Cromossomo (x: 15, y: 7, w: 12, z: 3) -> Equação: 5*15 + 7^2 + 12 + 3^3 = 163
Teste Cromossomo (x: 11, y: 7, w: 13, z: 3) -> Equação: 5*11 + 7^2 + 13 + 3^3 = 144
Teste Cromossomo (x: 13, y: 7, w: 7, z: 3) -> Equação: 5*13 + 7^2 + 7 + 3^3 = 148
Geração 51 - Cromossomo (x: 15, y: 7, w: 13, z: 3) ainda é o mais apto com Aptidão: 0.045454545454545456
Teste Cromossomo (x: 15, y: 7, w: 15, z: 3) -> Equação: 5*15 + 7^2 + 15 + 3^3 = 166
Teste Cromossomo (x: 15, y: 7, w: 13, z: 1) -> Equação: 5*15 + 7^2 + 13 + 1^3 = 138
Teste Cromossomo (x: 15, y: 7, w: 13, z: 3) -> Equação: 5*15 + 7^2 + 13 + 3^3 = 164
Teste Cromossomo (x: 7, y: 7, w: 9, z: 1) -> Equação: 5*7 + 7^2 + 9 + 1^3 = 94
Teste Cromossomo (x: 15, y: 5, w: 12, z: 3) -> Equação: 5*15 + 5^2 + 12 + 3^3 = 139
Teste Cromossomo (x: 15, y: 7, w: 4, z: 9) -> Equação: 5*15 + 7^2 + 4 + 9^3 = 857
Teste Cromossomo (x: 15, y: 7, w: 9, z: 19) -> Equação: 5*15 + 7^2 + 9 + 19^3 = 6992
Teste Cromossomo (x: 15, y: 7, w: 8, z: 3) -> Equação: 5*15 + 7^2 + 8 + 3^3 = 159
Teste Cromossomo (x: 15, y: 7, w: 9, z: 3) -> Equação: 5*15 + 7^2 + 9 + 3^3 = 160
Teste Cromossomo (x: 15, y: 7, w: 12, z: 3) -> Equação: 5*15 + 7^2 + 12 + 3^3 = 163
Geração 52 - Novo Melhor Cromossomo: (x: 15, y: 7, w: 15, z: 3) com Aptidão: 0.05
Teste Cromossomo (x: 15, y: 7, w: 15, z: 3) -> Equação: 5*15 + 7^2 + 15 + 3^3 = 166
Teste Cromossomo (x: 15, y: 7, w: 15, z: 3) -> Equação: 5*15 + 7^2 + 15 + 3^3 = 166
Teste Cromossomo (x: 15, y: 11, w: 15, z: 3) -> Equação: 5*15 + 11^2 + 15 + 3^3 = 238
Teste Cromossomo (x: 14, y: 7, w: 12, z: 2) -> Equação: 5*14 + 7^2 + 12 + 2^3 = 139
Teste Cromossomo (x: 15, y: 7, w: 13, z: 3) -> Equação: 5*15 + 7^2 + 13 + 3^3 = 164
Teste Cromossomo (x: 15, y: 3, w: 13, z: 19) -> Equação: 5*15 + 3^2 + 13 + 19^3 = 6956
Teste Cromossomo (x: 15, y: 7, w: 4, z: 3) -> Equação: 5*15 + 7^2 + 4 + 3^3 = 155
Teste Cromossomo (x: 15, y: 7, w: 13, z: 3) -> Equação: 5*15 + 7^2 + 13 + 3^3 = 164
Teste Cromossomo (x: 15, y: 7, w: 8, z: 3) -> Equação: 5*15 + 7^2 + 8 + 3^3 = 159
Teste Cromossomo (x: 15, y: 15, w: 12, z: 3) -> Equação: 5*15 + 15^2 + 12 + 3^3 = 339
Geração 53 - Cromossomo (x: 15, y: 7, w: 15, z: 3) ainda é o mais apto com Aptidão: 0.05
Teste Cromossomo (x: 15, y: 7, w: 14, z: 3) -> Equação: 5*15 + 7^2 + 14 + 3^3 = 165
Teste Cromossomo (x: 13, y: 7, w: 15, z: 3) -> Equação: 5*13 + 7^2 + 15 + 3^3 = 156
Teste Cromossomo (x: 15, y: 7, w: 15, z: 2) -> Equação: 5*15 + 7^2 + 15 + 2^3 = 147
Teste Cromossomo (x: 15, y: 7, w: 15, z: 3) -> Equação: 5*15 + 7^2 + 15 + 3^3 = 166
Teste Cromossomo (x: 15, y: 7, w: 13, z: 11) -> Equação: 5*15 + 7^2 + 13 + 11^3 = 1468
Teste Cromossomo (x: 15, y: 7, w: 15, z: 3) -> Equação: 5*15 + 7^2 + 15 + 3^3 = 166
Teste Cromossomo (x: 15, y: 3, w: 9, z: 3) -> Equação: 5*15 + 3^2 + 9 + 3^3 = 120
Teste Cromossomo (x: 15, y: 7, w: 15, z: 27) -> Equação: 5*15 + 7^2 + 15 + 27^3 = 19822
Teste Cromossomo (x: 15, y: 7, w: 13, z: 7) -> Equação: 5*15 + 7^2 + 13 + 7^3 = 480
Teste Cromossomo (x: 15, y: 7, w: 13, z: 1) -> Equação: 5*15 + 7^2 + 13 + 1^3 = 138
Geração 54 - Cromossomo (x: 15, y: 7, w: 15, z: 3) ainda é o mais apto com Aptidão: 0.05
Teste Cromossomo (x: 15, y: 5, w: 7, z: 19) -> Equação: 5*15 + 5^2 + 7 + 19^3 = 6966
Teste Cromossomo (x: 15, y: 7, w: 15, z: 3) -> Equação: 5*15 + 7^2 + 15 + 3^3 = 166
Teste Cromossomo (x: 7, y: 5, w: 15, z: 3) -> Equação: 5*7 + 5^2 + 15 + 3^3 = 102
Teste Cromossomo (x: 15, y: 7, w: 15, z: 1) -> Equação: 5*15 + 7^2 + 15 + 1^3 = 140
Teste Cromossomo (x: 15, y: 7, w: 15, z: 3) -> Equação: 5*15 + 7^2 + 15 + 3^3 = 166
Teste Cromossomo (x: 15, y: 7, w: 7, z: 11) -> Equação: 5*15 + 7^2 + 7 + 11^3 = 1462
Teste Cromossomo (x: 7, y: 7, w: 14, z: 3) -> Equação: 5*7 + 7^2 + 14 + 3^3 = 125
Teste Cromossomo (x: 15, y: 7, w: 14, z: 3) -> Equação: 5*15 + 7^2 + 14 + 3^3 = 165
Teste Cromossomo (x: 15, y: 7, w: 15, z: 3) -> Equação: 5*15 + 7^2 + 15 + 3^3 = 166
Teste Cromossomo (x: 13, y: 3, w: 14, z: 1) -> Equação: 5*13 + 3^2 + 14 + 1^3 = 89
Geração 55 - Cromossomo (x: 15, y: 7, w: 15, z: 3) ainda é o mais apto com Aptidão: 0.05
Teste Cromossomo (x: 14, y: 7, w: 15, z: 3) -> Equação: 5*14 + 7^2 + 15 + 3^3 = 161
Teste Cromossomo (x: 15, y: 7, w: 15, z: 3) -> Equação: 5*15 + 7^2 + 15 + 3^3 = 166
Teste Cromossomo (x: 15, y: 15, w: 7, z: 17) -> Equação: 5*15 + 15^2 + 7 + 17^3 = 5220
Teste Cromossomo (x: 7, y: 7, w: 15, z: 3) -> Equação: 5*7 + 7^2 + 15 + 3^3 = 126
Teste Cromossomo (x: 15, y: 7, w: 7, z: 3) -> Equação: 5*15 + 7^2 + 7 + 3^3 = 158
Teste Cromossomo (x: 15, y: 7, w: 14, z: 3) -> Equação: 5*15 + 7^2 + 14 + 3^3 = 165
Teste Cromossomo (x: 15, y: 6, w: 15, z: 3) -> Equação: 5*15 + 6^2 + 15 + 3^3 = 153
Teste Cromossomo (x: 15, y: 7, w: 15, z: 17) -> Equação: 5*15 + 7^2 + 15 + 17^3 = 5052
Teste Cromossomo (x: 15, y: 7, w: 14, z: 7) -> Equação: 5*15 + 7^2 + 14 + 7^3 = 481
Teste Cromossomo (x: 15, y: 14, w: 15, z: 7) -> Equação: 5*15 + 14^2 + 15 + 7^3 = 629
Geração 56 - Cromossomo (x: 15, y: 7, w: 15, z: 3) ainda é o mais apto com Aptidão: 0.05
Teste Cromossomo (x: 15, y: 7, w: 15, z: 3) -> Equação: 5*15 + 7^2 + 15 + 3^3 = 166
Teste Cromossomo (x: 13, y: 6, w: 15, z: 3) -> Equação: 5*13 + 6^2 + 15 + 3^3 = 143
Teste Cromossomo (x: 10, y: 7, w: 15, z: 3) -> Equação: 5*10 + 7^2 + 15 + 3^3 = 141
Teste Cromossomo (x: 15, y: 15, w: 15, z: 3) -> Equação: 5*15 + 15^2 + 15 + 3^3 = 342
Teste Cromossomo (x: 15, y: 3, w: 14, z: 3) -> Equação: 5*15 + 3^2 + 14 + 3^3 = 125
Teste Cromossomo (x: 15, y: 7, w: 15, z: 10) -> Equação: 5*15 + 7^2 + 15 + 10^3 = 1139
Teste Cromossomo (x: 15, y: 15, w: 14, z: 3) -> Equação: 5*15 + 15^2 + 14 + 3^3 = 341
Teste Cromossomo (x: 15, y: 7, w: 14, z: 3) -> Equação: 5*15 + 7^2 + 14 + 3^3 = 165
Teste Cromossomo (x: 10, y: 7, w: 7, z: 3) -> Equação: 5*10 + 7^2 + 7 + 3^3 = 133
Teste Cromossomo (x: 15, y: 5, w: 15, z: 11) -> Equação: 5*15 + 5^2 + 15 + 11^3 = 1446
Geração 57 - Cromossomo (x: 15, y: 7, w: 15, z: 3) ainda é o mais apto com Aptidão: 0.05
Teste Cromossomo (x: 15, y: 7, w: 15, z: 3) -> Equação: 5*15 + 7^2 + 15 + 3^3 = 166
Teste Cromossomo (x: 15, y: 7, w: 15, z: 23) -> Equação: 5*15 + 7^2 + 15 + 23^3 = 12306
Teste Cromossomo (x: 15, y: 7, w: 15, z: 3) -> Equação: 5*15 + 7^2 + 15 + 3^3 = 166
Teste Cromossomo (x: 11, y: 5, w: 15, z: 3) -> Equação: 5*11 + 5^2 + 15 + 3^3 = 122
Teste Cromossomo (x: 15, y: 7, w: 14, z: 2) -> Equação: 5*15 + 7^2 + 14 + 2^3 = 146
Teste Cromossomo (x: 6, y: 7, w: 14, z: 3) -> Equação: 5*6 + 7^2 + 14 + 3^3 = 120
Teste Cromossomo (x: 15, y: 15, w: 14, z: 3) -> Equação: 5*15 + 15^2 + 14 + 3^3 = 341
Teste Cromossomo (x: 13, y: 6, w: 14, z: 3) -> Equação: 5*13 + 6^2 + 14 + 3^3 = 142
Teste Cromossomo (x: 13, y: 6, w: 15, z: 0) -> Equação: 5*13 + 6^2 + 15 + 0^3 = 116
Teste Cromossomo (x: 9, y: 7, w: 7, z: 3) -> Equação: 5*9 + 7^2 + 7 + 3^3 = 128
Geração 58 - Cromossomo (x: 15, y: 7, w: 15, z: 3) ainda é o mais apto com Aptidão: 0.05
Teste Cromossomo (x: 13, y: 3, w: 15, z: 3) -> Equação: 5*13 + 3^2 + 15 + 3^3 = 116
Teste Cromossomo (x: 13, y: 7, w: 15, z: 26) -> Equação: 5*13 + 7^2 + 15 + 26^3 = 17705
Teste Cromossomo (x: 15, y: 7, w: 15, z: 3) -> Equação: 5*15 + 7^2 + 15 + 3^3 = 166
Teste Cromossomo (x: 15, y: 7, w: 15, z: 3) -> Equação: 5*15 + 7^2 + 15 + 3^3 = 166
Teste Cromossomo (x: 15, y: 3, w: 14, z: 3) -> Equação: 5*15 + 3^2 + 14 + 3^3 = 125
Teste Cromossomo (x: 15, y: 7, w: 14, z: 3) -> Equação: 5*15 + 7^2 + 14 + 3^3 = 165
Teste Cromossomo (x: 15, y: 7, w: 14, z: 2) -> Equação: 5*15 + 7^2 + 14 + 2^3 = 146
Teste Cromossomo (x: 15, y: 3, w: 15, z: 3) -> Equação: 5*15 + 3^2 + 15 + 3^3 = 126
Teste Cromossomo (x: 15, y: 7, w: 10, z: 1) -> Equação: 5*15 + 7^2 + 10 + 1^3 = 135
Teste Cromossomo (x: 15, y: 2, w: 12, z: 2) -> Equação: 5*15 + 2^2 + 12 + 2^3 = 99
Geração 59 - Cromossomo (x: 15, y: 7, w: 15, z: 3) ainda é o mais apto com Aptidão: 0.05
Teste Cromossomo (x: 15, y: 6, w: 15, z: 3) -> Equação: 5*15 + 6^2 + 15 + 3^3 = 153
Teste Cromossomo (x: 7, y: 7, w: 15, z: 3) -> Equação: 5*7 + 7^2 + 15 + 3^3 = 126
Teste Cromossomo (x: 15, y: 3, w: 15, z: 3) -> Equação: 5*15 + 3^2 + 15 + 3^3 = 126
Teste Cromossomo (x: 15, y: 7, w: 15, z: 3) -> Equação: 5*15 + 7^2 + 15 + 3^3 = 166
Teste Cromossomo (x: 15, y: 3, w: 15, z: 3) -> Equação: 5*15 + 3^2 + 15 + 3^3 = 126
Teste Cromossomo (x: 11, y: 6, w: 13, z: 3) -> Equação: 5*11 + 6^2 + 13 + 3^3 = 131
Teste Cromossomo (x: 15, y: 7, w: 15, z: 11) -> Equação: 5*15 + 7^2 + 15 + 11^3 = 1470
Teste Cromossomo (x: 14, y: 3, w: 15, z: 3) -> Equação: 5*14 + 3^2 + 15 + 3^3 = 121
Teste Cromossomo (x: 15, y: 7, w: 2, z: 6) -> Equação: 5*15 + 7^2 + 2 + 6^3 = 342
Teste Cromossomo (x: 15, y: 7, w: 14, z: 5) -> Equação: 5*15 + 7^2 + 14 + 5^3 = 263
Geração 60 - Cromossomo (x: 15, y: 7, w: 15, z: 3) ainda é o mais apto com Aptidão: 0.05
Teste Cromossomo (x: 15, y: 3, w: 15, z: 9) -> Equação: 5*15 + 3^2 + 15 + 9^3 = 828
Teste Cromossomo (x: 15, y: 7, w: 15, z: 11) -> Equação: 5*15 + 7^2 + 15 + 11^3 = 1470
Teste Cromossomo (x: 15, y: 7, w: 15, z: 1) -> Equação: 5*15 + 7^2 + 15 + 1^3 = 140
Teste Cromossomo (x: 14, y: 7, w: 15, z: 11) -> Equação: 5*14 + 7^2 + 15 + 11^3 = 1465
Teste Cromossomo (x: 15, y: 14, w: 15, z: 3) -> Equação: 5*15 + 14^2 + 15 + 3^3 = 313
Teste Cromossomo (x: 7, y: 6, w: 15, z: 3) -> Equação: 5*7 + 6^2 + 15 + 3^3 = 113
Teste Cromossomo (x: 15, y: 6, w: 13, z: 3) -> Equação: 5*15 + 6^2 + 13 + 3^3 = 151
Teste Cromossomo (x: 3, y: 6, w: 11, z: 19) -> Equação: 5*3 + 6^2 + 11 + 19^3 = 6921
Teste Cromossomo (x: 10, y: 6, w: 10, z: 3) -> Equação: 5*10 + 6^2 + 10 + 3^3 = 123
Teste Cromossomo (x: 7, y: 7, w: 13, z: 3) -> Equação: 5*7 + 7^2 + 13 + 3^3 = 124
Geração 61 - Novo Melhor Cromossomo: (x: 15, y: 6, w: 13, z: 3) com Aptidão: 0.02857142857142857
Teste Cromossomo (x: 9, y: 6, w: 12, z: 3) -> Equação: 5*9 + 6^2 + 12 + 3^3 = 120
Teste Cromossomo (x: 15, y: 6, w: 13, z: 2) -> Equação: 5*15 + 6^2 + 13 + 2^3 = 132
Teste Cromossomo (x: 15, y: 6, w: 14, z: 3) -> Equação: 5*15 + 6^2 + 14 + 3^3 = 152
Teste Cromossomo (x: 15, y: 6, w: 13, z: 10) -> Equação: 5*15 + 6^2 + 13 + 10^3 = 1124
Teste Cromossomo (x: 15, y: 7, w: 15, z: 1) -> Equação: 5*15 + 7^2 + 15 + 1^3 = 140
Teste Cromossomo (x: 13, y: 7, w: 15, z: 1) -> Equação: 5*13 + 7^2 + 15 + 1^3 = 130
Teste Cromossomo (x: 15, y: 6, w: 4, z: 5) -> Equação: 5*15 + 6^2 + 4 + 5^3 = 240
Teste Cromossomo (x: 7, y: 7, w: 15, z: 1) -> Equação: 5*7 + 7^2 + 15 + 1^3 = 100
Teste Cromossomo (x: 5, y: 7, w: 10, z: 3) -> Equação: 5*5 + 7^2 + 10 + 3^3 = 111
Teste Cromossomo (x: 10, y: 6, w: 5, z: 22) -> Equação: 5*10 + 6^2 + 5 + 22^3 = 10739
Geração 62 - Novo Melhor Cromossomo: (x: 15, y: 6, w: 14, z: 3) com Aptidão: 0.029411764705882353
Teste Cromossomo (x: 15, y: 6, w: 14, z: 3) -> Equação: 5*15 + 6^2 + 14 + 3^3 = 152
Teste Cromossomo (x: 15, y: 14, w: 14, z: 3) -> Equação: 5*15 + 14^2 + 14 + 3^3 = 312
Teste Cromossomo (x: 11, y: 6, w: 10, z: 1) -> Equação: 5*11 + 6^2 + 10 + 1^3 = 102
Teste Cromossomo (x: 15, y: 6, w: 14, z: 3) -> Equação: 5*15 + 6^2 + 14 + 3^3 = 152
Teste Cromossomo (x: 15, y: 7, w: 15, z: 1) -> Equação: 5*15 + 7^2 + 15 + 1^3 = 140
Teste Cromossomo (x: 14, y: 5, w: 6, z: 1) -> Equação: 5*14 + 5^2 + 6 + 1^3 = 102
Teste Cromossomo (x: 15, y: 7, w: 13, z: 3) -> Equação: 5*15 + 7^2 + 13 + 3^3 = 164
Teste Cromossomo (x: 7, y: 4, w: 11, z: 1) -> Equação: 5*7 + 4^2 + 11 + 1^3 = 63
Teste Cromossomo (x: 14, y: 6, w: 15, z: 1) -> Equação: 5*14 + 6^2 + 15 + 1^3 = 122
Teste Cromossomo (x: 13, y: 7, w: 9, z: 2) -> Equação: 5*13 + 7^2 + 9 + 2^3 = 131
Geração 63 - Novo Melhor Cromossomo: (x: 15, y: 7, w: 13, z: 3) com Aptidão: 0.045454545454545456
Teste Cromossomo (x: 15, y: 7, w: 13, z: 3) -> Equação: 5*15 + 7^2 + 13 + 3^3 = 164
Teste Cromossomo (x: 15, y: 7, w: 8, z: 3) -> Equação: 5*15 + 7^2 + 8 + 3^3 = 159
Teste Cromossomo (x: 15, y: 7, w: 13, z: 3) -> Equação: 5*15 + 7^2 + 13 + 3^3 = 164
Teste Cromossomo (x: 11, y: 7, w: 5, z: 3) -> Equação: 5*11 + 7^2 + 5 + 3^3 = 136
Teste Cromossomo (x: 15, y: 2, w: 6, z: 6) -> Equação: 5*15 + 2^2 + 6 + 6^3 = 301
Teste Cromossomo (x: 3, y: 6, w: 11, z: 3) -> Equação: 5*3 + 6^2 + 11 + 3^3 = 89
Teste Cromossomo (x: 15, y: 4, w: 14, z: 3) -> Equação: 5*15 + 4^2 + 14 + 3^3 = 132
Teste Cromossomo (x: 15, y: 6, w: 14, z: 3) -> Equação: 5*15 + 6^2 + 14 + 3^3 = 152
Teste Cromossomo (x: 15, y: 6, w: 11, z: 0) -> Equação: 5*15 + 6^2 + 11 + 0^3 = 122
Teste Cromossomo (x: 15, y: 7, w: 6, z: 3) -> Equação: 5*15 + 7^2 + 6 + 3^3 = 157
Geração 64 - Cromossomo (x: 15, y: 7, w: 13, z: 3) ainda é o mais apto com Aptidão: 0.045454545454545456
Teste Cromossomo (x: 15, y: 5, w: 1, z: 3) -> Equação: 5*15 + 5^2 + 1 + 3^3 = 128
Teste Cromossomo (x: 15, y: 7, w: 13, z: 3) -> Equação: 5*15 + 7^2 + 13 + 3^3 = 164
Teste Cromossomo (x: 15, y: 3, w: 13, z: 3) -> Equação: 5*15 + 3^2 + 13 + 3^3 = 124
Teste Cromossomo (x: 15, y: 7, w: 12, z: 19) -> Equação: 5*15 + 7^2 + 12 + 19^3 = 6995
Teste Cromossomo (x: 15, y: 14, w: 13, z: 3) -> Equação: 5*15 + 14^2 + 13 + 3^3 = 311
Teste Cromossomo (x: 14, y: 7, w: 13, z: 2) -> Equação: 5*14 + 7^2 + 13 + 2^3 = 140
Teste Cromossomo (x: 7, y: 7, w: 8, z: 3) -> Equação: 5*7 + 7^2 + 8 + 3^3 = 119
Teste Cromossomo (x: 14, y: 6, w: 13, z: 3) -> Equação: 5*14 + 6^2 + 13 + 3^3 = 146
Teste Cromossomo (x: 15, y: 7, w: 6, z: 9) -> Equação: 5*15 + 7^2 + 6 + 9^3 = 859
Teste Cromossomo (x: 13, y: 11, w: 8, z: 3) -> Equação: 5*13 + 11^2 + 8 + 3^3 = 221
Geração 65 - Cromossomo (x: 15, y: 7, w: 13, z: 3) ainda é o mais apto com Aptidão: 0.045454545454545456
Teste Cromossomo (x: 15, y: 7, w: 13, z: 27) -> Equação: 5*15 + 7^2 + 13 + 27^3 = 19820
Teste Cromossomo (x: 15, y: 7, w: 12, z: 3) -> Equação: 5*15 + 7^2 + 12 + 3^3 = 163
Teste Cromossomo (x: 15, y: 7, w: 13, z: 3) -> Equação: 5*15 + 7^2 + 13 + 3^3 = 164
Teste Cromossomo (x: 14, y: 7, w: 5, z: 1) -> Equação: 5*14 + 7^2 + 5 + 1^3 = 125
Teste Cromossomo (x: 12, y: 10, w: 8, z: 2) -> Equação: 5*12 + 10^2 + 8 + 2^3 = 176
Teste Cromossomo (x: 13, y: 11, w: 0, z: 3) -> Equação: 5*13 + 11^2 + 0 + 3^3 = 213
Teste Cromossomo (x: 13, y: 10, w: 13, z: 3) -> Equação: 5*13 + 10^2 + 13 + 3^3 = 205
Teste Cromossomo (x: 14, y: 6, w: 8, z: 3) -> Equação: 5*14 + 6^2 + 8 + 3^3 = 141
Teste Cromossomo (x: 12, y: 14, w: 13, z: 2) -> Equação: 5*12 + 14^2 + 13 + 2^3 = 277
Teste Cromossomo (x: 15, y: 7, w: 13, z: 3) -> Equação: 5*15 + 7^2 + 13 + 3^3 = 164
Geração 66 - Novo Melhor Cromossomo: (x: 12, y: 10, w: 8, z: 2) com Aptidão: 0.1
Teste Cromossomo (x: 12, y: 3, w: 0, z: 2) -> Equação: 5*12 + 3^2 + 0 + 2^3 = 77
Teste Cromossomo (x: 12, y: 11, w: 8, z: 0) -> Equação: 5*12 + 11^2 + 8 + 0^3 = 189
Teste Cromossomo (x: 12, y: 10, w: 8, z: 2) -> Equação: 5*12 + 10^2 + 8 + 2^3 = 176
Teste Cromossomo (x: 12, y: 12, w: 8, z: 2) -> Equação: 5*12 + 12^2 + 8 + 2^3 = 220
Teste Cromossomo (x: 13, y: 10, w: 13, z: 11) -> Equação: 5*13 + 10^2 + 13 + 11^3 = 1509
Teste Cromossomo (x: 13, y: 10, w: 7, z: 3) -> Equação: 5*13 + 10^2 + 7 + 3^3 = 199
Teste Cromossomo (x: 13, y: 10, w: 13, z: 1) -> Equação: 5*13 + 10^2 + 13 + 1^3 = 179
Teste Cromossomo (x: 3, y: 7, w: 13, z: 3) -> Equação: 5*3 + 7^2 + 13 + 3^3 = 104
Teste Cromossomo (x: 15, y: 7, w: 9, z: 3) -> Equação: 5*15 + 7^2 + 9 + 3^3 = 160
Teste Cromossomo (x: 15, y: 7, w: 13, z: 3) -> Equação: 5*15 + 7^2 + 13 + 3^3 = 164
Geração 67 - Novo Melhor Cromossomo: (x: 12, y: 11, w: 8, z: 0) com Aptidão: 0.2
Teste Cromossomo (x: 12, y: 11, w: 0, z: 2) -> Equação: 5*12 + 11^2 + 0 + 2^3 = 189
Teste Cromossomo (x: 12, y: 11, w: 8, z: 0) -> Equação: 5*12 + 11^2 + 8 + 0^3 = 189
Teste Cromossomo (x: 12, y: 3, w: 8, z: 0) -> Equação: 5*12 + 3^2 + 8 + 0^3 = 77
Teste Cromossomo (x: 12, y: 11, w: 8, z: 0) -> Equação: 5*12 + 11^2 + 8 + 0^3 = 189
Teste Cromossomo (x: 13, y: 10, w: 13, z: 1) -> Equação: 5*13 + 10^2 + 13 + 1^3 = 179
Teste Cromossomo (x: 5, y: 10, w: 13, z: 1) -> Equação: 5*5 + 10^2 + 13 + 1^3 = 139
Teste Cromossomo (x: 13, y: 10, w: 0, z: 2) -> Equação: 5*13 + 10^2 + 0 + 2^3 = 173
Teste Cromossomo (x: 12, y: 11, w: 13, z: 0) -> Equação: 5*12 + 11^2 + 13 + 0^3 = 194
Teste Cromossomo (x: 12, y: 10, w: 7, z: 3) -> Equação: 5*12 + 10^2 + 7 + 3^3 = 194
Teste Cromossomo (x: 13, y: 10, w: 10, z: 2) -> Equação: 5*13 + 10^2 + 10 + 2^3 = 183
Geração 68 - Novo Melhor Cromossomo: (x: 13, y: 10, w: 10, z: 2) com Aptidão: 0.3333333333333333
Teste Cromossomo (x: 13, y: 10, w: 10, z: 2) -> Equação: 5*13 + 10^2 + 10 + 2^3 = 183
Teste Cromossomo (x: 13, y: 3, w: 10, z: 10) -> Equação: 5*13 + 3^2 + 10 + 10^3 = 1084
Teste Cromossomo (x: 13, y: 14, w: 11, z: 2) -> Equação: 5*13 + 14^2 + 11 + 2^3 = 280
Teste Cromossomo (x: 15, y: 10, w: 14, z: 2) -> Equação: 5*15 + 10^2 + 14 + 2^3 = 197
Teste Cromossomo (x: 12, y: 11, w: 2, z: 2) -> Equação: 5*12 + 11^2 + 2 + 2^3 = 191
Teste Cromossomo (x: 12, y: 15, w: 0, z: 2) -> Equação: 5*12 + 15^2 + 0 + 2^3 = 293
Teste Cromossomo (x: 12, y: 11, w: 1, z: 8) -> Equação: 5*12 + 11^2 + 1 + 8^3 = 694
Teste Cromossomo (x: 12, y: 10, w: 0, z: 2) -> Equação: 5*12 + 10^2 + 0 + 2^3 = 168
Teste Cromossomo (x: 12, y: 11, w: 8, z: 0) -> Equação: 5*12 + 11^2 + 8 + 0^3 = 189
Teste Cromossomo (x: 12, y: 11, w: 8, z: 1) -> Equação: 5*12 + 11^2 + 8 + 1^3 = 190
Geração 69 - Cromossomo (x: 13, y: 10, w: 10, z: 2) ainda é o mais apto com Aptidão: 0.3333333333333333
Teste Cromossomo (x: 13, y: 10, w: 10, z: 2) -> Equação: 5*13 + 10^2 + 10 + 2^3 = 183
Teste Cromossomo (x: 13, y: 10, w: 10, z: 6) -> Equação: 5*13 + 10^2 + 10 + 6^3 = 391
Teste Cromossomo (x: 13, y: 15, w: 10, z: 2) -> Equação: 5*13 + 15^2 + 10 + 2^3 = 308
Teste Cromossomo (x: 13, y: 11, w: 10, z: 18) -> Equação: 5*13 + 11^2 + 10 + 18^3 = 6028
Teste Cromossomo (x: 12, y: 11, w: 8, z: 0) -> Equação: 5*12 + 11^2 + 8 + 0^3 = 189
Teste Cromossomo (x: 12, y: 15, w: 8, z: 1) -> Equação: 5*12 + 15^2 + 8 + 1^3 = 294
Teste Cromossomo (x: 12, y: 10, w: 8, z: 1) -> Equação: 5*12 + 10^2 + 8 + 1^3 = 169
Teste Cromossomo (x: 4, y: 15, w: 8, z: 24) -> Equação: 5*4 + 15^2 + 8 + 24^3 = 14077
Teste Cromossomo (x: 12, y: 11, w: 2, z: 10) -> Equação: 5*12 + 11^2 + 2 + 10^3 = 1183
Teste Cromossomo (x: 4, y: 11, w: 8, z: 1) -> Equação: 5*4 + 11^2 + 8 + 1^3 = 150
Geração 70 - Cromossomo (x: 13, y: 10, w: 10, z: 2) ainda é o mais apto com Aptidão: 0.3333333333333333
Teste Cromossomo (x: 13, y: 10, w: 10, z: 2) -> Equação: 5*13 + 10^2 + 10 + 2^3 = 183
Teste Cromossomo (x: 13, y: 10, w: 10, z: 2) -> Equação: 5*13 + 10^2 + 10 + 2^3 = 183
Teste Cromossomo (x: 5, y: 10, w: 10, z: 2) -> Equação: 5*5 + 10^2 + 10 + 2^3 = 143
Teste Cromossomo (x: 13, y: 10, w: 10, z: 2) -> Equação: 5*13 + 10^2 + 10 + 2^3 = 183
Teste Cromossomo (x: 12, y: 15, w: 9, z: 0) -> Equação: 5*12 + 15^2 + 9 + 0^3 = 294
Teste Cromossomo (x: 12, y: 11, w: 4, z: 0) -> Equação: 5*12 + 11^2 + 4 + 0^3 = 185
Teste Cromossomo (x: 12, y: 11, w: 4, z: 1) -> Equação: 5*12 + 11^2 + 4 + 1^3 = 186
Teste Cromossomo (x: 12, y: 10, w: 0, z: 4) -> Equação: 5*12 + 10^2 + 0 + 4^3 = 224
Teste Cromossomo (x: 2, y: 10, w: 8, z: 1) -> Equação: 5*2 + 10^2 + 8 + 1^3 = 119
Teste Cromossomo (x: 0, y: 10, w: 8, z: 1) -> Equação: 5*0 + 10^2 + 8 + 1^3 = 109
Geração 71 - Solução encontrada: (x: 12, y: 11, w: 4, z: 0) com Aptidão: 1.0
Aptidão do melhor cromossomo: 1.0

Melhor cromossomo encontrado: (x: 12, y: 11, w: 4, z: 0)
Original: 5*x + y^2 + w + z^3
Equação: 5*12 + 11^2 + 4 + 0^3
Valor da equação: 185
Diferença absoluta de 185: 0
Resolvido: True
