Teste Cromossomo (x: 6, y: 2, w: 10, z: 16) -> Equação: 5*6 + 2^2 + 10 + 16^3 = 4140
Teste Cromossomo (x: 11, y: 12, w: 19, z: 11) -> Equação: 5*11 + 12^2 + 19 + 11^3 = 1549
Teste Cromossomo (x: 9, y: 4, w: 13, z: 7) -> Equação: 5*9 + 4^2 + 13 + 7^3 = 417
Teste Cromossomo (x: 11, y: 18, w: 4, z: 18) -> Equação: 5*11 + 18^2 + 4 + 18^3 = 6215
Teste Cromossomo (x: 17, y: 10, w: 11, z: 8) -> Equação: 5*17 + 10^2 + 11 + 8^3 = 708
Teste Cromossomo (x: 16, y: 2, w: 11, z: 13) -> Equação: 5*16 + 2^2 + 11 + 13^3 = 2292
Teste Cromossomo (x: 7, y: 14, w: 17, z: 4) -> Equação: 5*7 + 14^2 + 17 + 4^3 = 312
Teste Cromossomo (x: 3, y: 18, w: 2, z: 7) -> Equação: 5*3 + 18^2 + 2 + 7^3 = 684
Teste Cromossomo (x: 10, y: 19, w: 16, z: 14) -> Equação: 5*10 + 19^2 + 16 + 14^3 = 3171
Teste Cromossomo (x: 16, y: 14, w: 14, z: 0) -> Equação: 5*16 + 14^2 + 14 + 0^3 = 290
Geração 1 - Melhor Cromossomo: (x: 16, y: 14, w: 14, z: 0) com Aptidão: 0.009433962264150943
Teste Cromossomo (x: 8, y: 7, w: 7, z: 16) -> Equação: 5*8 + 7^2 + 7 + 16^3 = 4192
Teste Cromossomo (x: 8, y: 7, w: 15, z: 0) -> Equação: 5*8 + 7^2 + 15 + 0^3 = 104
Teste Cromossomo (x: 8, y: 7, w: 7, z: 0) -> Equação: 5*8 + 7^2 + 7 + 0^3 = 96
Teste Cromossomo (x: 8, y: 7, w: 7, z: 16) -> Equação: 5*8 + 7^2 + 7 + 16^3 = 4192
Teste Cromossomo (x: 2, y: 14, w: 8, z: 18) -> Equação: 5*2 + 14^2 + 8 + 18^3 = 6046
Teste Cromossomo (x: 7, y: 14, w: 9, z: 20) -> Equação: 5*7 + 14^2 + 9 + 20^3 = 8240
Teste Cromossomo (x: 5, y: 12, w: 5, z: 7) -> Equação: 5*5 + 12^2 + 5 + 7^3 = 517
Teste Cromossomo (x: 9, y: 4, w: 8, z: 4) -> Equação: 5*9 + 4^2 + 8 + 4^3 = 133
Teste Cromossomo (x: 9, y: 4, w: 3, z: 7) -> Equação: 5*9 + 4^2 + 3 + 7^3 = 407
Teste Cromossomo (x: 3, y: 9, w: 13, z: 6) -> Equação: 5*3 + 9^2 + 13 + 6^3 = 325
Geração 2 - Novo Melhor Cromossomo: (x: 9, y: 4, w: 8, z: 4) com Aptidão: 0.018867924528301886
Teste Cromossomo (x: 9, y: 4, w: 9, z: 20) -> Equação: 5*9 + 4^2 + 9 + 20^3 = 8070
Teste Cromossomo (x: 9, y: 4, w: 8, z: 4) -> Equação: 5*9 + 4^2 + 8 + 4^3 = 133
Teste Cromossomo (x: 8, y: 4, w: 8, z: 4) -> Equação: 5*8 + 4^2 + 8 + 4^3 = 128
Teste Cromossomo (x: 9, y: 0, w: 8, z: 4) -> Equação: 5*9 + 0^2 + 8 + 4^3 = 117
Teste Cromossomo (x: 8, y: 7, w: 7, z: 0) -> Equação: 5*8 + 7^2 + 7 + 0^3 = 96
Teste Cromossomo (x: 8, y: 7, w: 15, z: 0) -> Equação: 5*8 + 7^2 + 15 + 0^3 = 104
Teste Cromossomo (x: 8, y: 6, w: 5, z: 0) -> Equação: 5*8 + 6^2 + 5 + 0^3 = 81
Teste Cromossomo (x: 8, y: 7, w: 13, z: 4) -> Equação: 5*8 + 7^2 + 13 + 4^3 = 166
Teste Cromossomo (x: 8, y: 7, w: 13, z: 6) -> Equação: 5*8 + 7^2 + 13 + 6^3 = 318
Teste Cromossomo (x: 3, y: 9, w: 7, z: 0) -> Equação: 5*3 + 9^2 + 7 + 0^3 = 103
Geração 3 - Novo Melhor Cromossomo: (x: 8, y: 7, w: 13, z: 4) com Aptidão: 0.05
Teste Cromossomo (x: 8, y: 7, w: 13, z: 4) -> Equação: 5*8 + 7^2 + 13 + 4^3 = 166
Teste Cromossomo (x: 8, y: 6, w: 13, z: 4) -> Equação: 5*8 + 6^2 + 13 + 4^3 = 153
Teste Cromossomo (x: 8, y: 7, w: 13, z: 4) -> Equação: 5*8 + 7^2 + 13 + 4^3 = 166
Teste Cromossomo (x: 8, y: 7, w: 13, z: 4) -> Equação: 5*8 + 7^2 + 13 + 4^3 = 166
Teste Cromossomo (x: 9, y: 6, w: 10, z: 4) -> Equação: 5*9 + 6^2 + 10 + 4^3 = 155
Teste Cromossomo (x: 9, y: 4, w: 8, z: 4) -> Equação: 5*9 + 4^2 + 8 + 4^3 = 133
Teste Cromossomo (x: 13, y: 4, w: 8, z: 4) -> Equação: 5*13 + 4^2 + 8 + 4^3 = 153
Teste Cromossomo (x: 8, y: 4, w: 8, z: 4) -> Equação: 5*8 + 4^2 + 8 + 4^3 = 128
Teste Cromossomo (x: 9, y: 4, w: 0, z: 8) -> Equação: 5*9 + 4^2 + 0 + 8^3 = 573
Teste Cromossomo (x: 9, y: 0, w: 8, z: 4) -> Equação: 5*9 + 0^2 + 8 + 4^3 = 117
Geração 4 - Cromossomo (x: 8, y: 7, w: 13, z: 4) ainda é o mais apto com Aptidão: 0.05
Teste Cromossomo (x: 12, y: 7, w: 9, z: 4) -> Equação: 5*12 + 7^2 + 9 + 4^3 = 182
Teste Cromossomo (x: 8, y: 7, w: 13, z: 3) -> Equação: 5*8 + 7^2 + 13 + 3^3 = 129
Teste Cromossomo (x: 8, y: 7, w: 12, z: 4) -> Equação: 5*8 + 7^2 + 12 + 4^3 = 165
Teste Cromossomo (x: 8, y: 7, w: 15, z: 20) -> Equação: 5*8 + 7^2 + 15 + 20^3 = 8104
Teste Cromossomo (x: 10, y: 13, w: 13, z: 4) -> Equação: 5*10 + 13^2 + 13 + 4^3 = 296
Teste Cromossomo (x: 8, y: 3, w: 13, z: 4) -> Equação: 5*8 + 3^2 + 13 + 4^3 = 126
Teste Cromossomo (x: 12, y: 7, w: 13, z: 4) -> Equação: 5*12 + 7^2 + 13 + 4^3 = 186
Teste Cromossomo (x: 9, y: 7, w: 13, z: 4) -> Equação: 5*9 + 7^2 + 13 + 4^3 = 171
Teste Cromossomo (x: 10, y: 6, w: 10, z: 6) -> Equação: 5*10 + 6^2 + 10 + 6^3 = 312
Teste Cromossomo (x: 1, y: 14, w: 13, z: 4) -> Equação: 5*1 + 14^2 + 13 + 4^3 = 278
Geração 5 - Novo Melhor Cromossomo: (x: 12, y: 7, w: 13, z: 4) com Aptidão: 0.5
Teste Cromossomo (x: 12, y: 7, w: 13, z: 4) -> Equação: 5*12 + 7^2 + 13 + 4^3 = 186
Teste Cromossomo (x: 12, y: 7, w: 5, z: 0) -> Equação: 5*12 + 7^2 + 5 + 0^3 = 114
Teste Cromossomo (x: 12, y: 6, w: 13, z: 4) -> Equação: 5*12 + 6^2 + 13 + 4^3 = 173
Teste Cromossomo (x: 12, y: 3, w: 13, z: 4) -> Equação: 5*12 + 3^2 + 13 + 4^3 = 146
Teste Cromossomo (x: 12, y: 7, w: 8, z: 12) -> Equação: 5*12 + 7^2 + 8 + 12^3 = 1845
Teste Cromossomo (x: 12, y: 7, w: 8, z: 22) -> Equação: 5*12 + 7^2 + 8 + 22^3 = 10765
Teste Cromossomo (x: 5, y: 7, w: 15, z: 4) -> Equação: 5*5 + 7^2 + 15 + 4^3 = 153
Teste Cromossomo (x: 8, y: 7, w: 9, z: 20) -> Equação: 5*8 + 7^2 + 9 + 20^3 = 8098
Teste Cromossomo (x: 15, y: 7, w: 12, z: 4) -> Equação: 5*15 + 7^2 + 12 + 4^3 = 200
Teste Cromossomo (x: 8, y: 7, w: 13, z: 4) -> Equação: 5*8 + 7^2 + 13 + 4^3 = 166
Geração 6 - Cromossomo (x: 12, y: 7, w: 13, z: 4) ainda é o mais apto com Aptidão: 0.5
Teste Cromossomo (x: 4, y: 7, w: 5, z: 4) -> Equação: 5*4 + 7^2 + 5 + 4^3 = 138
Teste Cromossomo (x: 12, y: 5, w: 13, z: 4) -> Equação: 5*12 + 5^2 + 13 + 4^3 = 162
Teste Cromossomo (x: 12, y: 7, w: 13, z: 4) -> Equação: 5*12 + 7^2 + 13 + 4^3 = 186
Teste Cromossomo (x: 12, y: 7, w: 13, z: 4) -> Equação: 5*12 + 7^2 + 13 + 4^3 = 186
Teste Cromossomo (x: 12, y: 7, w: 15, z: 4) -> Equação: 5*12 + 7^2 + 15 + 4^3 = 188
Teste Cromossomo (x: 12, y: 6, w: 5, z: 4) -> Equação: 5*12 + 6^2 + 5 + 4^3 = 165
Teste Cromossomo (x: 12, y: 0, w: 12, z: 6) -> Equação: 5*12 + 0^2 + 12 + 6^3 = 288
Teste Cromossomo (x: 15, y: 4, w: 13, z: 4) -> Equação: 5*15 + 4^2 + 13 + 4^3 = 168
Teste Cromossomo (x: 7, y: 7, w: 13, z: 4) -> Equação: 5*7 + 7^2 + 13 + 4^3 = 161
Teste Cromossomo (x: 8, y: 7, w: 12, z: 4) -> Equação: 5*8 + 7^2 + 12 + 4^3 = 165
Geração 7 - Cromossomo (x: 12, y: 7, w: 13, z: 4) ainda é o mais apto com Aptidão: 0.5
Teste Cromossomo (x: 8, y: 15, w: 7, z: 6) -> Equação: 5*8 + 15^2 + 7 + 6^3 = 488
Teste Cromossomo (x: 4, y: 7, w: 14, z: 4) -> Equação: 5*4 + 7^2 + 14 + 4^3 = 147
Teste Cromossomo (x: 12, y: 7, w: 13, z: 4) -> Equação: 5*12 + 7^2 + 13 + 4^3 = 186
Teste Cromossomo (x: 12, y: 7, w: 13, z: 4) -> Equação: 5*12 + 7^2 + 13 + 4^3 = 186
Teste Cromossomo (x: 12, y: 6, w: 13, z: 6) -> Equação: 5*12 + 6^2 + 13 + 6^3 = 325
Teste Cromossomo (x: 12, y: 7, w: 13, z: 4) -> Equação: 5*12 + 7^2 + 13 + 4^3 = 186
Teste Cromossomo (x: 12, y: 7, w: 15, z: 5) -> Equação: 5*12 + 7^2 + 15 + 5^3 = 249
Teste Cromossomo (x: 12, y: 7, w: 13, z: 4) -> Equação: 5*12 + 7^2 + 13 + 4^3 = 186
Teste Cromossomo (x: 12, y: 7, w: 13, z: 28) -> Equação: 5*12 + 7^2 + 13 + 28^3 = 22074
Teste Cromossomo (x: 15, y: 4, w: 15, z: 0) -> Equação: 5*15 + 4^2 + 15 + 0^3 = 106
Geração 8 - Cromossomo (x: 12, y: 7, w: 13, z: 4) ainda é o mais apto com Aptidão: 0.5
Teste Cromossomo (x: 12, y: 15, w: 15, z: 4) -> Equação: 5*12 + 15^2 + 15 + 4^3 = 364
Teste Cromossomo (x: 0, y: 7, w: 9, z: 4) -> Equação: 5*0 + 7^2 + 9 + 4^3 = 122
Teste Cromossomo (x: 12, y: 7, w: 5, z: 4) -> Equação: 5*12 + 7^2 + 5 + 4^3 = 178
Teste Cromossomo (x: 12, y: 3, w: 15, z: 4) -> Equação: 5*12 + 3^2 + 15 + 4^3 = 148
Teste Cromossomo (x: 12, y: 7, w: 13, z: 4) -> Equação: 5*12 + 7^2 + 13 + 4^3 = 186
Teste Cromossomo (x: 12, y: 7, w: 14, z: 4) -> Equação: 5*12 + 7^2 + 14 + 4^3 = 187
Teste Cromossomo (x: 12, y: 7, w: 13, z: 12) -> Equação: 5*12 + 7^2 + 13 + 12^3 = 1850
Teste Cromossomo (x: 13, y: 15, w: 13, z: 4) -> Equação: 5*13 + 15^2 + 13 + 4^3 = 367
Teste Cromossomo (x: 12, y: 7, w: 13, z: 4) -> Equação: 5*12 + 7^2 + 13 + 4^3 = 186
Teste Cromossomo (x: 12, y: 7, w: 13, z: 4) -> Equação: 5*12 + 7^2 + 13 + 4^3 = 186
Geração 9 - Cromossomo (x: 12, y: 7, w: 13, z: 4) ainda é o mais apto com Aptidão: 0.5
Teste Cromossomo (x: 12, y: 7, w: 13, z: 4) -> Equação: 5*12 + 7^2 + 13 + 4^3 = 186
Teste Cromossomo (x: 12, y: 7, w: 13, z: 4) -> Equação: 5*12 + 7^2 + 13 + 4^3 = 186
Teste Cromossomo (x: 12, y: 6, w: 13, z: 4) -> Equação: 5*12 + 6^2 + 13 + 4^3 = 173
Teste Cromossomo (x: 4, y: 7, w: 13, z: 20) -> Equação: 5*4 + 7^2 + 13 + 20^3 = 8082
Teste Cromossomo (x: 12, y: 7, w: 13, z: 19) -> Equação: 5*12 + 7^2 + 13 + 19^3 = 6981
Teste Cromossomo (x: 12, y: 15, w: 13, z: 4) -> Equação: 5*12 + 15^2 + 13 + 4^3 = 362
Teste Cromossomo (x: 12, y: 15, w: 13, z: 6) -> Equação: 5*12 + 15^2 + 13 + 6^3 = 514
Teste Cromossomo (x: 12, y: 7, w: 13, z: 4) -> Equação: 5*12 + 7^2 + 13 + 4^3 = 186
Teste Cromossomo (x: 12, y: 7, w: 14, z: 4) -> Equação: 5*12 + 7^2 + 14 + 4^3 = 187
Teste Cromossomo (x: 12, y: 7, w: 13, z: 4) -> Equação: 5*12 + 7^2 + 13 + 4^3 = 186
Geração 10 - Cromossomo (x: 12, y: 7, w: 13, z: 4) ainda é o mais apto com Aptidão: 0.5
Teste Cromossomo (x: 14, y: 7, w: 13, z: 4) -> Equação: 5*14 + 7^2 + 13 + 4^3 = 196
Teste Cromossomo (x: 12, y: 7, w: 13, z: 4) -> Equação: 5*12 + 7^2 + 13 + 4^3 = 186
Teste Cromossomo (x: 12, y: 7, w: 5, z: 4) -> Equação: 5*12 + 7^2 + 5 + 4^3 = 178
Teste Cromossomo (x: 12, y: 7, w: 13, z: 4) -> Equação: 5*12 + 7^2 + 13 + 4^3 = 186
Teste Cromossomo (x: 12, y: 7, w: 5, z: 5) -> Equação: 5*12 + 7^2 + 5 + 5^3 = 239
Teste Cromossomo (x: 8, y: 7, w: 13, z: 4) -> Equação: 5*8 + 7^2 + 13 + 4^3 = 166
Teste Cromossomo (x: 12, y: 15, w: 13, z: 6) -> Equação: 5*12 + 15^2 + 13 + 6^3 = 514
Teste Cromossomo (x: 8, y: 6, w: 13, z: 4) -> Equação: 5*8 + 6^2 + 13 + 4^3 = 153
Teste Cromossomo (x: 12, y: 7, w: 13, z: 4) -> Equação: 5*12 + 7^2 + 13 + 4^3 = 186
Teste Cromossomo (x: 12, y: 7, w: 12, z: 8) -> Equação: 5*12 + 7^2 + 12 + 8^3 = 633
Geração 11 - Cromossomo (x: 12, y: 7, w: 13, z: 4) ainda é o mais apto com Aptidão: 0.5
Teste Cromossomo (x: 12, y: 7, w: 13, z: 4) -> Equação: 5*12 + 7^2 + 13 + 4^3 = 186
Teste Cromossomo (x: 13, y: 3, w: 13, z: 4) -> Equação: 5*13 + 3^2 + 13 + 4^3 = 151
Teste Cromossomo (x: 12, y: 3, w: 13, z: 5) -> Equação: 5*12 + 3^2 + 13 + 5^3 = 207
Teste Cromossomo (x: 12, y: 7, w: 13, z: 4) -> Equação: 5*12 + 7^2 + 13 + 4^3 = 186
Teste Cromossomo (x: 12, y: 7, w: 15, z: 4) -> Equação: 5*12 + 7^2 + 15 + 4^3 = 188
Teste Cromossomo (x: 12, y: 7, w: 13, z: 4) -> Equação: 5*12 + 7^2 + 13 + 4^3 = 186
Teste Cromossomo (x: 12, y: 7, w: 9, z: 14) -> Equação: 5*12 + 7^2 + 9 + 14^3 = 2862
Teste Cromossomo (x: 13, y: 7, w: 13, z: 0) -> Equação: 5*13 + 7^2 + 13 + 0^3 = 127
Teste Cromossomo (x: 8, y: 7, w: 1, z: 4) -> Equação: 5*8 + 7^2 + 1 + 4^3 = 154
Teste Cromossomo (x: 13, y: 7, w: 13, z: 0) -> Equação: 5*13 + 7^2 + 13 + 0^3 = 127
Geração 12 - Cromossomo (x: 12, y: 7, w: 13, z: 4) ainda é o mais apto com Aptidão: 0.5
Teste Cromossomo (x: 12, y: 15, w: 13, z: 20) -> Equação: 5*12 + 15^2 + 13 + 20^3 = 8298
Teste Cromossomo (x: 12, y: 7, w: 15, z: 4) -> Equação: 5*12 + 7^2 + 15 + 4^3 = 188
Teste Cromossomo (x: 12, y: 3, w: 13, z: 4) -> Equação: 5*12 + 3^2 + 13 + 4^3 = 146
Teste Cromossomo (x: 8, y: 7, w: 11, z: 4) -> Equação: 5*8 + 7^2 + 11 + 4^3 = 164
Teste Cromossomo (x: 14, y: 6, w: 13, z: 12) -> Equação: 5*14 + 6^2 + 13 + 12^3 = 1847
Teste Cromossomo (x: 12, y: 7, w: 13, z: 5) -> Equação: 5*12 + 7^2 + 13 + 5^3 = 247
Teste Cromossomo (x: 12, y: 3, w: 4, z: 20) -> Equação: 5*12 + 3^2 + 4 + 20^3 = 8073
Teste Cromossomo (x: 12, y: 7, w: 13, z: 5) -> Equação: 5*12 + 7^2 + 13 + 5^3 = 247
Teste Cromossomo (x: 12, y: 3, w: 7, z: 4) -> Equação: 5*12 + 3^2 + 7 + 4^3 = 140
Teste Cromossomo (x: 12, y: 7, w: 13, z: 6) -> Equação: 5*12 + 7^2 + 13 + 6^3 = 338
Geração 13 - Novo Melhor Cromossomo: (x: 12, y: 7, w: 15, z: 4) com Aptidão: 0.25
Teste Cromossomo (x: 13, y: 6, w: 15, z: 0) -> Equação: 5*13 + 6^2 + 15 + 0^3 = 116
Teste Cromossomo (x: 12, y: 5, w: 15, z: 4) -> Equação: 5*12 + 5^2 + 15 + 4^3 = 164
Teste Cromossomo (x: 12, y: 7, w: 11, z: 4) -> Equação: 5*12 + 7^2 + 11 + 4^3 = 184
Teste Cromossomo (x: 12, y: 7, w: 15, z: 4) -> Equação: 5*12 + 7^2 + 15 + 4^3 = 188
Teste Cromossomo (x: 8, y: 7, w: 11, z: 4) -> Equação: 5*8 + 7^2 + 11 + 4^3 = 164
Teste Cromossomo (x: 9, y: 7, w: 11, z: 6) -> Equação: 5*9 + 7^2 + 11 + 6^3 = 321
Teste Cromossomo (x: 8, y: 7, w: 13, z: 4) -> Equação: 5*8 + 7^2 + 13 + 4^3 = 166
Teste Cromossomo (x: 12, y: 3, w: 11, z: 4) -> Equação: 5*12 + 3^2 + 11 + 4^3 = 144
Teste Cromossomo (x: 12, y: 3, w: 7, z: 4) -> Equação: 5*12 + 3^2 + 7 + 4^3 = 140
Teste Cromossomo (x: 14, y: 3, w: 13, z: 4) -> Equação: 5*14 + 3^2 + 13 + 4^3 = 156
Geração 14 - Novo Melhor Cromossomo: (x: 12, y: 7, w: 11, z: 4) com Aptidão: 0.5
Teste Cromossomo (x: 8, y: 3, w: 2, z: 4) -> Equação: 5*8 + 3^2 + 2 + 4^3 = 115
Teste Cromossomo (x: 12, y: 7, w: 11, z: 4) -> Equação: 5*12 + 7^2 + 11 + 4^3 = 184
Teste Cromossomo (x: 8, y: 7, w: 11, z: 4) -> Equação: 5*8 + 7^2 + 11 + 4^3 = 164
Teste Cromossomo (x: 12, y: 2, w: 10, z: 0) -> Equação: 5*12 + 2^2 + 10 + 0^3 = 74
Teste Cromossomo (x: 12, y: 6, w: 15, z: 6) -> Equação: 5*12 + 6^2 + 15 + 6^3 = 327
Teste Cromossomo (x: 10, y: 7, w: 15, z: 6) -> Equação: 5*10 + 7^2 + 15 + 6^3 = 330
Teste Cromossomo (x: 13, y: 7, w: 13, z: 4) -> Equação: 5*13 + 7^2 + 13 + 4^3 = 191
Teste Cromossomo (x: 8, y: 7, w: 15, z: 4) -> Equação: 5*8 + 7^2 + 15 + 4^3 = 168
Teste Cromossomo (x: 8, y: 7, w: 15, z: 4) -> Equação: 5*8 + 7^2 + 15 + 4^3 = 168
Teste Cromossomo (x: 4, y: 5, w: 12, z: 4) -> Equação: 5*4 + 5^2 + 12 + 4^3 = 121
Geração 15 - Cromossomo (x: 12, y: 7, w: 11, z: 4) ainda é o mais apto com Aptidão: 0.5
Teste Cromossomo (x: 12, y: 7, w: 11, z: 4) -> Equação: 5*12 + 7^2 + 11 + 4^3 = 184
Teste Cromossomo (x: 14, y: 7, w: 11, z: 5) -> Equação: 5*14 + 7^2 + 11 + 5^3 = 255
Teste Cromossomo (x: 12, y: 7, w: 8, z: 4) -> Equação: 5*12 + 7^2 + 8 + 4^3 = 181
Teste Cromossomo (x: 12, y: 7, w: 3, z: 5) -> Equação: 5*12 + 7^2 + 3 + 5^3 = 237
Teste Cromossomo (x: 13, y: 11, w: 13, z: 4) -> Equação: 5*13 + 11^2 + 13 + 4^3 = 263
Teste Cromossomo (x: 13, y: 7, w: 5, z: 4) -> Equação: 5*13 + 7^2 + 5 + 4^3 = 183
Teste Cromossomo (x: 5, y: 3, w: 11, z: 12) -> Equação: 5*5 + 3^2 + 11 + 12^3 = 1773
Teste Cromossomo (x: 8, y: 14, w: 13, z: 12) -> Equação: 5*8 + 14^2 + 13 + 12^3 = 1977
Teste Cromossomo (x: 8, y: 7, w: 15, z: 4) -> Equação: 5*8 + 7^2 + 15 + 4^3 = 168
Teste Cromossomo (x: 10, y: 7, w: 15, z: 7) -> Equação: 5*10 + 7^2 + 15 + 7^3 = 457
Geração 16 - Cromossomo (x: 12, y: 7, w: 11, z: 4) ainda é o mais apto com Aptidão: 0.5
Teste Cromossomo (x: 4, y: 7, w: 11, z: 8) -> Equação: 5*4 + 7^2 + 11 + 8^3 = 592
Teste Cromossomo (x: 8, y: 15, w: 11, z: 4) -> Equação: 5*8 + 15^2 + 11 + 4^3 = 340
Teste Cromossomo (x: 12, y: 7, w: 9, z: 4) -> Equação: 5*12 + 7^2 + 9 + 4^3 = 182
Teste Cromossomo (x: 13, y: 5, w: 11, z: 4) -> Equação: 5*13 + 5^2 + 11 + 4^3 = 165
Teste Cromossomo (x: 12, y: 3, w: 5, z: 2) -> Equação: 5*12 + 3^2 + 5 + 2^3 = 82
Teste Cromossomo (x: 13, y: 2, w: 4, z: 4) -> Equação: 5*13 + 2^2 + 4 + 4^3 = 137
Teste Cromossomo (x: 13, y: 7, w: 9, z: 4) -> Equação: 5*13 + 7^2 + 9 + 4^3 = 187
Teste Cromossomo (x: 12, y: 5, w: 1, z: 4) -> Equação: 5*12 + 5^2 + 1 + 4^3 = 150
Teste Cromossomo (x: 12, y: 7, w: 14, z: 4) -> Equação: 5*12 + 7^2 + 14 + 4^3 = 187
Teste Cromossomo (x: 8, y: 7, w: 10, z: 4) -> Equação: 5*8 + 7^2 + 10 + 4^3 = 163
Geração 17 - Novo Melhor Cromossomo: (x: 13, y: 7, w: 9, z: 4) com Aptidão: 0.3333333333333333
Teste Cromossomo (x: 12, y: 7, w: 9, z: 6) -> Equação: 5*12 + 7^2 + 9 + 6^3 = 334
Teste Cromossomo (x: 1, y: 7, w: 9, z: 4) -> Equação: 5*1 + 7^2 + 9 + 4^3 = 127
Teste Cromossomo (x: 13, y: 7, w: 1, z: 4) -> Equação: 5*13 + 7^2 + 1 + 4^3 = 179
Teste Cromossomo (x: 5, y: 7, w: 9, z: 4) -> Equação: 5*5 + 7^2 + 9 + 4^3 = 147
Teste Cromossomo (x: 12, y: 7, w: 14, z: 4) -> Equação: 5*12 + 7^2 + 14 + 4^3 = 187
Teste Cromossomo (x: 12, y: 7, w: 14, z: 5) -> Equação: 5*12 + 7^2 + 14 + 5^3 = 248
Teste Cromossomo (x: 12, y: 7, w: 9, z: 4) -> Equação: 5*12 + 7^2 + 9 + 4^3 = 182
Teste Cromossomo (x: 12, y: 7, w: 14, z: 4) -> Equação: 5*12 + 7^2 + 14 + 4^3 = 187
Teste Cromossomo (x: 12, y: 11, w: 2, z: 4) -> Equação: 5*12 + 11^2 + 2 + 4^3 = 247
Teste Cromossomo (x: 13, y: 4, w: 8, z: 4) -> Equação: 5*13 + 4^2 + 8 + 4^3 = 153
Geração 18 - Novo Melhor Cromossomo: (x: 12, y: 7, w: 14, z: 4) com Aptidão: 0.3333333333333333
Teste Cromossomo (x: 12, y: 6, w: 14, z: 12) -> Equação: 5*12 + 6^2 + 14 + 12^3 = 1838
Teste Cromossomo (x: 12, y: 7, w: 14, z: 5) -> Equação: 5*12 + 7^2 + 14 + 5^3 = 248
Teste Cromossomo (x: 12, y: 7, w: 14, z: 6) -> Equação: 5*12 + 7^2 + 14 + 6^3 = 339
Teste Cromossomo (x: 12, y: 7, w: 14, z: 6) -> Equação: 5*12 + 7^2 + 14 + 6^3 = 339
Teste Cromossomo (x: 9, y: 7, w: 14, z: 4) -> Equação: 5*9 + 7^2 + 14 + 4^3 = 172
Teste Cromossomo (x: 4, y: 7, w: 14, z: 4) -> Equação: 5*4 + 7^2 + 14 + 4^3 = 147
Teste Cromossomo (x: 12, y: 7, w: 11, z: 12) -> Equação: 5*12 + 7^2 + 11 + 12^3 = 1848
Teste Cromossomo (x: 12, y: 7, w: 10, z: 0) -> Equação: 5*12 + 7^2 + 10 + 0^3 = 119
Teste Cromossomo (x: 8, y: 7, w: 1, z: 12) -> Equação: 5*8 + 7^2 + 1 + 12^3 = 1818
Teste Cromossomo (x: 15, y: 7, w: 9, z: 4) -> Equação: 5*15 + 7^2 + 9 + 4^3 = 197
Geração 19 - Novo Melhor Cromossomo: (x: 15, y: 7, w: 9, z: 4) com Aptidão: 0.07692307692307693
Teste Cromossomo (x: 15, y: 7, w: 9, z: 4) -> Equação: 5*15 + 7^2 + 9 + 4^3 = 197
Teste Cromossomo (x: 15, y: 3, w: 9, z: 4) -> Equação: 5*15 + 3^2 + 9 + 4^3 = 157
Teste Cromossomo (x: 7, y: 15, w: 9, z: 12) -> Equação: 5*7 + 15^2 + 9 + 12^3 = 1997
Teste Cromossomo (x: 15, y: 7, w: 9, z: 4) -> Equação: 5*15 + 7^2 + 9 + 4^3 = 197
Teste Cromossomo (x: 1, y: 7, w: 14, z: 4) -> Equação: 5*1 + 7^2 + 14 + 4^3 = 132
Teste Cromossomo (x: 9, y: 7, w: 12, z: 20) -> Equação: 5*9 + 7^2 + 12 + 20^3 = 8106
Teste Cromossomo (x: 11, y: 7, w: 10, z: 4) -> Equação: 5*11 + 7^2 + 10 + 4^3 = 178
Teste Cromossomo (x: 4, y: 7, w: 14, z: 4) -> Equação: 5*4 + 7^2 + 14 + 4^3 = 147
Teste Cromossomo (x: 12, y: 7, w: 12, z: 21) -> Equação: 5*12 + 7^2 + 12 + 21^3 = 9382
Teste Cromossomo (x: 12, y: 7, w: 6, z: 4) -> Equação: 5*12 + 7^2 + 6 + 4^3 = 179
Geração 20 - Novo Melhor Cromossomo: (x: 12, y: 7, w: 6, z: 4) com Aptidão: 0.14285714285714285
Teste Cromossomo (x: 12, y: 6, w: 6, z: 4) -> Equação: 5*12 + 6^2 + 6 + 4^3 = 166
Teste Cromossomo (x: 14, y: 7, w: 14, z: 4) -> Equação: 5*14 + 7^2 + 14 + 4^3 = 197
Teste Cromossomo (x: 12, y: 7, w: 6, z: 7) -> Equação: 5*12 + 7^2 + 6 + 7^3 = 458
Teste Cromossomo (x: 12, y: 7, w: 6, z: 4) -> Equação: 5*12 + 7^2 + 6 + 4^3 = 179
Teste Cromossomo (x: 11, y: 3, w: 10, z: 20) -> Equação: 5*11 + 3^2 + 10 + 20^3 = 8074
Teste Cromossomo (x: 11, y: 15, w: 10, z: 4) -> Equação: 5*11 + 15^2 + 10 + 4^3 = 354
Teste Cromossomo (x: 11, y: 5, w: 9, z: 4) -> Equação: 5*11 + 5^2 + 9 + 4^3 = 153
Teste Cromossomo (x: 3, y: 7, w: 10, z: 4) -> Equação: 5*3 + 7^2 + 10 + 4^3 = 138
Teste Cromossomo (x: 11, y: 6, w: 13, z: 4) -> Equação: 5*11 + 6^2 + 13 + 4^3 = 168
Teste Cromossomo (x: 15, y: 7, w: 3, z: 0) -> Equação: 5*15 + 7^2 + 3 + 0^3 = 127
Geração 21 - Cromossomo (x: 12, y: 7, w: 6, z: 4) ainda é o mais apto com Aptidão: 0.14285714285714285
Teste Cromossomo (x: 8, y: 7, w: 6, z: 4) -> Equação: 5*8 + 7^2 + 6 + 4^3 = 159
Teste Cromossomo (x: 12, y: 7, w: 7, z: 28) -> Equação: 5*12 + 7^2 + 7 + 28^3 = 22068
Teste Cromossomo (x: 12, y: 7, w: 4, z: 5) -> Equação: 5*12 + 7^2 + 4 + 5^3 = 238
Teste Cromossomo (x: 12, y: 5, w: 2, z: 4) -> Equação: 5*12 + 5^2 + 2 + 4^3 = 151
Teste Cromossomo (x: 14, y: 7, w: 14, z: 5) -> Equação: 5*14 + 7^2 + 14 + 5^3 = 258
Teste Cromossomo (x: 12, y: 7, w: 14, z: 4) -> Equação: 5*12 + 7^2 + 14 + 4^3 = 187
Teste Cromossomo (x: 14, y: 15, w: 12, z: 6) -> Equação: 5*14 + 15^2 + 12 + 6^3 = 523
Teste Cromossomo (x: 10, y: 6, w: 14, z: 5) -> Equação: 5*10 + 6^2 + 14 + 5^3 = 225
Teste Cromossomo (x: 11, y: 6, w: 6, z: 4) -> Equação: 5*11 + 6^2 + 6 + 4^3 = 161
Teste Cromossomo (x: 14, y: 6, w: 13, z: 4) -> Equação: 5*14 + 6^2 + 13 + 4^3 = 183
Geração 22 - Novo Melhor Cromossomo: (x: 12, y: 7, w: 14, z: 4) com Aptidão: 0.3333333333333333
Teste Cromossomo (x: 13, y: 7, w: 6, z: 4) -> Equação: 5*13 + 7^2 + 6 + 4^3 = 184
Teste Cromossomo (x: 12, y: 7, w: 14, z: 0) -> Equação: 5*12 + 7^2 + 14 + 0^3 = 123
Teste Cromossomo (x: 12, y: 7, w: 14, z: 20) -> Equação: 5*12 + 7^2 + 14 + 20^3 = 8123
Teste Cromossomo (x: 4, y: 7, w: 14, z: 20) -> Equação: 5*4 + 7^2 + 14 + 20^3 = 8083
Teste Cromossomo (x: 14, y: 6, w: 12, z: 0) -> Equação: 5*14 + 6^2 + 12 + 0^3 = 118
Teste Cromossomo (x: 10, y: 6, w: 13, z: 4) -> Equação: 5*10 + 6^2 + 13 + 4^3 = 163
Teste Cromossomo (x: 14, y: 6, w: 6, z: 21) -> Equação: 5*14 + 6^2 + 6 + 21^3 = 9373
Teste Cromossomo (x: 11, y: 6, w: 13, z: 20) -> Equação: 5*11 + 6^2 + 13 + 20^3 = 8104
Teste Cromossomo (x: 9, y: 7, w: 6, z: 4) -> Equação: 5*9 + 7^2 + 6 + 4^3 = 164
Teste Cromossomo (x: 10, y: 7, w: 14, z: 4) -> Equação: 5*10 + 7^2 + 14 + 4^3 = 177
Geração 23 - Novo Melhor Cromossomo: (x: 13, y: 7, w: 6, z: 4) com Aptidão: 0.5
Teste Cromossomo (x: 13, y: 7, w: 6, z: 4) -> Equação: 5*13 + 7^2 + 6 + 4^3 = 184
Teste Cromossomo (x: 15, y: 7, w: 0, z: 4) -> Equação: 5*15 + 7^2 + 0 + 4^3 = 188
Teste Cromossomo (x: 13, y: 7, w: 6, z: 4) -> Equação: 5*13 + 7^2 + 6 + 4^3 = 184
Teste Cromossomo (x: 13, y: 7, w: 6, z: 4) -> Equação: 5*13 + 7^2 + 6 + 4^3 = 184
Teste Cromossomo (x: 14, y: 7, w: 14, z: 4) -> Equação: 5*14 + 7^2 + 14 + 4^3 = 197
Teste Cromossomo (x: 10, y: 13, w: 6, z: 4) -> Equação: 5*10 + 13^2 + 6 + 4^3 = 289
Teste Cromossomo (x: 14, y: 7, w: 6, z: 4) -> Equação: 5*14 + 7^2 + 6 + 4^3 = 189
Teste Cromossomo (x: 9, y: 15, w: 14, z: 20) -> Equação: 5*9 + 15^2 + 14 + 20^3 = 8284
Teste Cromossomo (x: 9, y: 7, w: 12, z: 5) -> Equação: 5*9 + 7^2 + 12 + 5^3 = 231
Teste Cromossomo (x: 10, y: 6, w: 6, z: 5) -> Equação: 5*10 + 6^2 + 6 + 5^3 = 217
Geração 24 - Cromossomo (x: 13, y: 7, w: 6, z: 4) ainda é o mais apto com Aptidão: 0.5
Teste Cromossomo (x: 13, y: 7, w: 6, z: 8) -> Equação: 5*13 + 7^2 + 6 + 8^3 = 632
Teste Cromossomo (x: 13, y: 7, w: 6, z: 4) -> Equação: 5*13 + 7^2 + 6 + 4^3 = 184
Teste Cromossomo (x: 13, y: 7, w: 6, z: 4) -> Equação: 5*13 + 7^2 + 6 + 4^3 = 184
Teste Cromossomo (x: 14, y: 7, w: 2, z: 4) -> Equação: 5*14 + 7^2 + 2 + 4^3 = 185
Teste Cromossomo (x: 13, y: 3, w: 6, z: 4) -> Equação: 5*13 + 3^2 + 6 + 4^3 = 144
Teste Cromossomo (x: 12, y: 7, w: 7, z: 4) -> Equação: 5*12 + 7^2 + 7 + 4^3 = 180
Teste Cromossomo (x: 12, y: 7, w: 6, z: 4) -> Equação: 5*12 + 7^2 + 6 + 4^3 = 179
Teste Cromossomo (x: 5, y: 7, w: 6, z: 4) -> Equação: 5*5 + 7^2 + 6 + 4^3 = 144
Teste Cromossomo (x: 5, y: 5, w: 0, z: 4) -> Equação: 5*5 + 5^2 + 0 + 4^3 = 114
Teste Cromossomo (x: 13, y: 7, w: 7, z: 4) -> Equação: 5*13 + 7^2 + 7 + 4^3 = 185
Geração 25 - Solução encontrada: (x: 14, y: 7, w: 2, z: 4) com Aptidão: 1.0
Aptidão do melhor cromossomo: 1.0

Melhor cromossomo encontrado: (x: 14, y: 7, w: 2, z: 4)
Original: 5*x + y^2 + w + z^3
Equação: 5*14 + 7^2 + 2 + 4^3
Valor da equação: 185
Diferença absoluta de 185: 0
Resolvido: True
